Begin Time:2021-09-25 23:15:01.360
[2021-09-25 23:15:01.360][P:17060/T:11620][Utils.cpp:4792][Info][0] mutil NIC client
[2021-09-25 23:15:02.002][P:17060/T:11620][AVNetSDKMgr.cpp:655][Info][0] Test avnetsdk module handle: 0000019170510000

[2021-09-25 23:15:02.010][P:17060/T:11620][dhnetsdk.cpp:155][Info][0] Leave CLIENT_InitEx.
[2021-09-25 23:15:02.011][P:17060/T:11620][dhnetsdk.cpp:186][Info][0] Enter CLIENT_SetAutoReconnect:[cbAutoConnect=000001916D713A9C, dwUser=0000000000000000].
[2021-09-25 23:15:02.011][P:17060/T:11620][dhnetsdk.cpp:188][Info][0] Leave CLIENT_SetAutoReconnect.
[2021-09-25 23:15:02.012][P:17060/T:11620][dhnetsdk.cpp:6994][Info][0] Enter CLIENT_SetSnapRevCallBack. [OnSnapRevMessage=000001916D7133BC, dwUser=0000000000000000.]
[2021-09-25 23:15:02.013][P:17060/T:11620][dhnetsdk.cpp:6997][Info][0] Leave CLIENT_SetSnapRevCallBack.
[2021-09-25 23:15:02.015][P:17060/T:11620][dhnetsdk.cpp:132][Info][0] Enter CLIENT_InitEx:[cbDisConnect=000001916D71381C, dwUser=0000000000000000, lpInitParam=0000000000000000].
[2021-09-25 23:15:02.056][P:17060/T:11620][AVNetSDKMgr.cpp:655][Info][0] Test avnetsdk module handle: 0000019170510000

[2021-09-25 23:15:02.081][P:17060/T:11620][dhnetsdk.cpp:155][Info][0] Leave CLIENT_InitEx.
[2021-09-25 23:15:02.081][P:17060/T:11620][dhnetsdk.cpp:186][Info][0] Enter CLIENT_SetAutoReconnect:[cbAutoConnect=000001916D7134FC, dwUser=0000000000000000].
[2021-09-25 23:15:02.081][P:17060/T:11620][dhnetsdk.cpp:188][Info][0] Leave CLIENT_SetAutoReconnect.
[2021-09-25 23:15:02.081][P:17060/T:11620][dhnetsdk.cpp:6994][Info][0] Enter CLIENT_SetSnapRevCallBack. [OnSnapRevMessage=000001916D71345C, dwUser=0000000000000000.]
[2021-09-25 23:15:02.081][P:17060/T:11620][dhnetsdk.cpp:6997][Info][0] Leave CLIENT_SetSnapRevCallBack.
[2021-09-25 23:15:18.125][P:17060/T:11620][dhnetsdk.cpp:582][Info][0] Enter CLIENT_LoginEx2. [IP=45.224.164.99, port=2080, SpeCap=0, lpDeviceInfo=0000007ED1FFDCE0.]
[2021-09-25 23:15:18.707][P:17060/T:11620][dhnetsdk.cpp:618][Info][0] Leave CLIENT_LoginEx2. [error=0, login ID=1880637328.]
[2021-09-25 23:15:23.250][P:17060/T:11620][dhnetsdk.cpp:1024][Info][0] Enter CLIENT_RealPlayEx. [lLoginID=1880637328. nChannelID=-1. rType=3]
[2021-09-25 23:15:23.453][P:17060/T:11620][RealPlay.cpp:641][Error][80000007] Invalid param(ChannelID):-1
[2021-09-25 23:15:23.453][P:17060/T:11620][dhnetsdk.cpp:1085][Info][0] Leave CLIENT_RealPlayEx. [ret=0]
[2021-09-25 23:15:23.454][P:17060/T:11620][dhnetsdk.cpp:6505][Info][0] Enter CLIENT_GetLastError.
[2021-09-25 23:15:23.454][P:17060/T:11620][dhnetsdk.cpp:6508][Info][0] Leave CLIENT_GetLastError.[Error code=80000007.]
Begin Time:2021-09-25 23:16:34.918
[2021-09-25 23:16:34.918][P:6816/T:6064][Utils.cpp:4792][Info][0] mutil NIC client
[2021-09-25 23:16:34.967][P:6816/T:6064][AVNetSDKMgr.cpp:655][Info][0] Test avnetsdk module handle: 00000260ADB10000

[2021-09-25 23:16:34.970][P:6816/T:6064][dhnetsdk.cpp:155][Info][0] Leave CLIENT_InitEx.
[2021-09-25 23:16:34.971][P:6816/T:6064][dhnetsdk.cpp:186][Info][0] Enter CLIENT_SetAutoReconnect:[cbAutoConnect=00000260AA8339FC, dwUser=0000000000000000].
[2021-09-25 23:16:34.971][P:6816/T:6064][dhnetsdk.cpp:188][Info][0] Leave CLIENT_SetAutoReconnect.
[2021-09-25 23:16:34.972][P:6816/T:6064][dhnetsdk.cpp:6994][Info][0] Enter CLIENT_SetSnapRevCallBack. [OnSnapRevMessage=00000260AA8339AC, dwUser=0000000000000000.]
[2021-09-25 23:16:34.972][P:6816/T:6064][dhnetsdk.cpp:6997][Info][0] Leave CLIENT_SetSnapRevCallBack.
[2021-09-25 23:16:34.975][P:6816/T:6064][dhnetsdk.cpp:132][Info][0] Enter CLIENT_InitEx:[cbDisConnect=00000260AA83390C, dwUser=0000000000000000, lpInitParam=0000000000000000].
[2021-09-25 23:16:35.008][P:6816/T:6064][AVNetSDKMgr.cpp:655][Info][0] Test avnetsdk module handle: 00000260ADB10000

[2021-09-25 23:16:35.014][P:6816/T:6064][dhnetsdk.cpp:155][Info][0] Leave CLIENT_InitEx.
[2021-09-25 23:16:35.014][P:6816/T:6064][dhnetsdk.cpp:186][Info][0] Enter CLIENT_SetAutoReconnect:[cbAutoConnect=00000260AA83359C, dwUser=0000000000000000].
[2021-09-25 23:16:35.014][P:6816/T:6064][dhnetsdk.cpp:188][Info][0] Leave CLIENT_SetAutoReconnect.
[2021-09-25 23:16:35.015][P:6816/T:6064][dhnetsdk.cpp:6994][Info][0] Enter CLIENT_SetSnapRevCallBack. [OnSnapRevMessage=00000260AA83336C, dwUser=0000000000000000.]
[2021-09-25 23:16:35.015][P:6816/T:6064][dhnetsdk.cpp:6997][Info][0] Leave CLIENT_SetSnapRevCallBack.
[2021-09-25 23:16:47.092][P:6816/T:6064][dhnetsdk.cpp:582][Info][0] Enter CLIENT_LoginEx2. [IP=45.224.164.99, port=2080, SpeCap=0, lpDeviceInfo=0000007E643FE060.]
[2021-09-25 23:16:47.442][P:6816/T:6064][dhdevprob.cpp:745][Error][90010002] Failed to login device , err:0
[2021-09-25 23:16:47.442][P:6816/T:6064][dhdevprob.cpp:2082][Error][90010002] Parse login response err:0
[2021-09-25 23:16:47.442][P:6816/T:6064][dhdevprob.cpp:2307][Error][90010012] Failed to send login data
[2021-09-25 23:16:47.442][P:6816/T:6064][Manager.cpp:7549][Error][90010002] device is NULL
[2021-09-25 23:16:47.442][P:6816/T:6064][Manager.cpp:7646][Error][90010002] Login device failed, errorcode:1!
[2021-09-25 23:16:47.442][P:6816/T:6064][dhnetsdk.cpp:609][Error][90010002] Login failed, ip:45.224.164.99, port:2080, specCap:0!
[2021-09-25 23:16:47.442][P:6816/T:6064][dhnetsdk.cpp:618][Info][0] Leave CLIENT_LoginEx2. [error=1, login ID=0.]
[2021-09-25 23:16:47.443][P:6816/T:6064][dhnetsdk.cpp:6505][Info][0] Enter CLIENT_GetLastError.
[2021-09-25 23:16:47.443][P:6816/T:6064][dhnetsdk.cpp:6508][Info][0] Leave CLIENT_GetLastError.[Error code=80000064.]
[2021-09-25 23:16:53.803][P:6816/T:6064][dhnetsdk.cpp:582][Info][0] Enter CLIENT_LoginEx2. [IP=45.224.164.99, port=2080, SpeCap=0, lpDeviceInfo=0000007E643FE060.]
[2021-09-25 23:16:54.087][P:6816/T:6064][dhnetsdk.cpp:618][Info][0] Leave CLIENT_LoginEx2. [error=0, login ID=-1386140896.]
[2021-09-25 23:16:57.309][P:6816/T:6064][dhnetsdk.cpp:1024][Info][0] Enter CLIENT_RealPlayEx. [lLoginID=-1386140896. nChannelID=0. rType=0]
[2021-09-25 23:16:57.546][P:6816/T:6064][DevConfigEx.cpp:9721][Info][0] IN SetupSession PORT=0 and PORT: 2080
[2021-09-25 23:16:57.705][P:6816/T:6064][dhnetsdk.cpp:1085][Info][0] Leave CLIENT_RealPlayEx. [ret=-1386048512]
[2021-09-25 23:16:57.707][P:6816/T:6064][dhnetsdk.cpp:2274][Info][0] Enter CLIENT_SetRealDataCallBackEx2. [lRealHandle=-1386048512. cbRealData=00000260AA834A6C, dwUser=0000000000000000. dwFlag=15.]
[2021-09-25 23:16:57.707][P:6816/T:6064][dhnetsdk.cpp:2297][Info][0] Leave CLIENT_SetRealDataCallBackEx2.[ret=1.]
[2021-09-25 23:17:27.996][P:6816/T:6064][dhnetsdk.cpp:1518][Info][0] Enter CLIENT_StopRealPlayEx. [lRealHandle=-1386048512.]
[2021-09-25 23:17:28.014][P:6816/T:6064][dhnetsdk.cpp:1532][Info][0] Leave CLIENT_StopRealPlayEx. [ret=1]
[2021-09-25 23:17:31.516][P:6816/T:6064][dhnetsdk.cpp:1024][Info][0] Enter CLIENT_RealPlayEx. [lLoginID=-1386140896. nChannelID=3. rType=0]
[2021-09-25 23:17:31.527][P:6816/T:6064][DevConfigEx.cpp:9721][Info][0] IN SetupSession PORT=0 and PORT: 2080
[2021-09-25 23:17:31.568][P:6816/T:6064][dhnetsdk.cpp:1085][Info][0] Leave CLIENT_RealPlayEx. [ret=-1386048512]
[2021-09-25 23:17:31.568][P:6816/T:6064][dhnetsdk.cpp:2274][Info][0] Enter CLIENT_SetRealDataCallBackEx2. [lRealHandle=-1386048512. cbRealData=00000260AA834A6C, dwUser=0000000000000000. dwFlag=15.]
[2021-09-25 23:17:31.568][P:6816/T:6064][dhnetsdk.cpp:2297][Info][0] Leave CLIENT_SetRealDataCallBackEx2.[ret=1.]
[2021-09-25 23:17:50.111][P:6816/T:6064][dhnetsdk.cpp:1518][Info][0] Enter CLIENT_StopRealPlayEx. [lRealHandle=-1386048512.]
[2021-09-25 23:17:50.124][P:6816/T:6064][dhnetsdk.cpp:1532][Info][0] Leave CLIENT_StopRealPlayEx. [ret=1]
[2021-09-25 23:17:51.702][P:6816/T:6064][dhnetsdk.cpp:811][Info][0] Enter CLIENT_Logout. [lLoginID=-1386140896.]
[2021-09-25 23:17:51.706][P:6816/T:6064][TPTCPClient.cpp:514][Error][90010007] Device is not online, ip:45.224.164.99
[2021-09-25 23:17:51.707][P:6816/T:6064][dhnetsdk.cpp:833][Info][0] Leave CLIENT_Logout. [ret=1]
Begin Time:2021-09-25 23:25:21.974
[2021-09-25 23:25:21.974][P:12620/T:14576][Utils.cpp:4792][Info][0] mutil NIC client
[2021-09-25 23:25:22.015][P:12620/T:14576][AVNetSDKMgr.cpp:655][Info][0] Test avnetsdk module handle: 000002507E380000

[2021-09-25 23:25:22.018][P:12620/T:14576][dhnetsdk.cpp:155][Info][0] Leave CLIENT_InitEx.
[2021-09-25 23:25:22.019][P:12620/T:14576][dhnetsdk.cpp:186][Info][0] Enter CLIENT_SetAutoReconnect:[cbAutoConnect=000002507B2E363C, dwUser=0000000000000000].
[2021-09-25 23:25:22.019][P:12620/T:14576][dhnetsdk.cpp:188][Info][0] Leave CLIENT_SetAutoReconnect.
[2021-09-25 23:25:22.020][P:12620/T:14576][dhnetsdk.cpp:6994][Info][0] Enter CLIENT_SetSnapRevCallBack. [OnSnapRevMessage=000002507B2E372C, dwUser=0000000000000000.]
[2021-09-25 23:25:22.020][P:12620/T:14576][dhnetsdk.cpp:6997][Info][0] Leave CLIENT_SetSnapRevCallBack.
[2021-09-25 23:25:22.022][P:12620/T:14576][dhnetsdk.cpp:132][Info][0] Enter CLIENT_InitEx:[cbDisConnect=000002507B2E37CC, dwUser=0000000000000000, lpInitParam=0000000000000000].
[2021-09-25 23:25:22.060][P:12620/T:14576][AVNetSDKMgr.cpp:655][Info][0] Test avnetsdk module handle: 0000025000000000

[2021-09-25 23:25:22.065][P:12620/T:14576][dhnetsdk.cpp:155][Info][0] Leave CLIENT_InitEx.
[2021-09-25 23:25:22.065][P:12620/T:14576][dhnetsdk.cpp:186][Info][0] Enter CLIENT_SetAutoReconnect:[cbAutoConnect=000002507B2E395C, dwUser=0000000000000000].
[2021-09-25 23:25:22.065][P:12620/T:14576][dhnetsdk.cpp:188][Info][0] Leave CLIENT_SetAutoReconnect.
[2021-09-25 23:25:22.065][P:12620/T:14576][dhnetsdk.cpp:6994][Info][0] Enter CLIENT_SetSnapRevCallBack. [OnSnapRevMessage=000002507B2E340C, dwUser=0000000000000000.]
[2021-09-25 23:25:22.065][P:12620/T:14576][dhnetsdk.cpp:6997][Info][0] Leave CLIENT_SetSnapRevCallBack.
[2021-09-25 23:25:39.109][P:12620/T:14576][dhnetsdk.cpp:582][Info][0] Enter CLIENT_LoginEx2. [IP=45.224.164.99, port=2080, SpeCap=0, lpDeviceInfo=0000005950FFE050.]
[2021-09-25 23:25:39.547][P:12620/T:14576][dhnetsdk.cpp:618][Info][0] Leave CLIENT_LoginEx2. [error=0, login ID=2114064720.]
[2021-09-25 23:25:43.644][P:12620/T:14576][dhnetsdk.cpp:1024][Info][0] Enter CLIENT_RealPlayEx. [lLoginID=2114064720. nChannelID=0. rType=0]
[2021-09-25 23:25:43.940][P:12620/T:14576][DevConfigEx.cpp:9721][Info][0] IN SetupSession PORT=0 and PORT: 2080
[2021-09-25 23:25:44.015][P:12620/T:14576][dhnetsdk.cpp:1085][Info][0] Leave CLIENT_RealPlayEx. [ret=2114158720]
[2021-09-25 23:25:44.015][P:12620/T:14576][dhnetsdk.cpp:2274][Info][0] Enter CLIENT_SetRealDataCallBackEx2. [lRealHandle=2114158720. cbRealData=000002507B2E39AC, dwUser=0000000000000000. dwFlag=15.]
[2021-09-25 23:25:44.015][P:12620/T:14576][dhnetsdk.cpp:2297][Info][0] Leave CLIENT_SetRealDataCallBackEx2.[ret=1.]
[2021-09-25 23:25:58.588][P:12620/T:14576][dhnetsdk.cpp:2320][Info][0] Enter CLIENT_CapturePictureEx. [hPlayHandle=2114158720. pchPicFileName=C:\Users\Felipe\Desktop\teste\client1.jpg, eFormat=1.]
[2021-09-25 23:25:58.635][P:12620/T:14576][dhnetsdk.cpp:2341][Info][0] Leave CLIENT_CapturePictureEx.[ret=1.]
[2021-09-25 23:26:22.344][P:12620/T:14576][dhnetsdk.cpp:1518][Info][0] Enter CLIENT_StopRealPlayEx. [lRealHandle=2114158720.]
[2021-09-25 23:26:22.359][P:12620/T:14576][dhnetsdk.cpp:1532][Info][0] Leave CLIENT_StopRealPlayEx. [ret=1]
[2021-09-25 23:26:37.906][P:12620/T:14576][dhnetsdk.cpp:1024][Info][0] Enter CLIENT_RealPlayEx. [lLoginID=2114064720. nChannelID=4. rType=0]
[2021-09-25 23:26:37.915][P:12620/T:14576][DevConfigEx.cpp:9721][Info][0] IN SetupSession PORT=0 and PORT: 2080
[2021-09-25 23:26:37.945][P:12620/T:14576][dhnetsdk.cpp:1085][Info][0] Leave CLIENT_RealPlayEx. [ret=2114158720]
[2021-09-25 23:26:37.945][P:12620/T:14576][dhnetsdk.cpp:2274][Info][0] Enter CLIENT_SetRealDataCallBackEx2. [lRealHandle=2114158720. cbRealData=000002507B2E39AC, dwUser=0000000000000000. dwFlag=15.]
[2021-09-25 23:26:37.945][P:12620/T:14576][dhnetsdk.cpp:2297][Info][0] Leave CLIENT_SetRealDataCallBackEx2.[ret=1.]
[2021-09-25 23:27:00.789][P:12620/T:14576][dhnetsdk.cpp:2320][Info][0] Enter CLIENT_CapturePictureEx. [hPlayHandle=2114158720. pchPicFileName=C:\Users\Felipe\Desktop\teste\ok\client1.jpg, eFormat=1.]
[2021-09-25 23:27:00.841][P:12620/T:14576][dhnetsdk.cpp:2341][Info][0] Leave CLIENT_CapturePictureEx.[ret=1.]
[2021-09-25 23:27:10.622][P:12620/T:14576][dhnetsdk.cpp:1518][Info][0] Enter CLIENT_StopRealPlayEx. [lRealHandle=2114158720.]
[2021-09-25 23:27:10.633][P:12620/T:14576][dhnetsdk.cpp:1532][Info][0] Leave CLIENT_StopRealPlayEx. [ret=1]
[2021-09-25 23:27:11.797][P:12620/T:14576][dhnetsdk.cpp:811][Info][0] Enter CLIENT_Logout. [lLoginID=2114064720.]
[2021-09-25 23:27:11.798][P:12620/T:14576][TPTCPClient.cpp:514][Error][90010007] Device is not online, ip:45.224.164.99
[2021-09-25 23:27:11.798][P:12620/T:14576][dhnetsdk.cpp:833][Info][0] Leave CLIENT_Logout. [ret=1]
Begin Time:2021-09-25 23:30:36.841
[2021-09-25 23:30:36.841][P:15464/T:11120][Utils.cpp:4792][Info][0] mutil NIC client
[2021-09-25 23:30:36.866][P:15464/T:11120][AVNetSDKMgr.cpp:655][Info][0] Test avnetsdk module handle: 000001FB38590000

[2021-09-25 23:30:36.870][P:15464/T:11120][dhnetsdk.cpp:155][Info][0] Leave CLIENT_InitEx.
[2021-09-25 23:30:36.871][P:15464/T:11120][dhnetsdk.cpp:186][Info][0] Enter CLIENT_SetAutoReconnect:[cbAutoConnect=000001FB356B37CC, dwUser=0000000000000000].
[2021-09-25 23:30:36.872][P:15464/T:11120][dhnetsdk.cpp:188][Info][0] Leave CLIENT_SetAutoReconnect.
[2021-09-25 23:30:36.872][P:15464/T:11120][dhnetsdk.cpp:6994][Info][0] Enter CLIENT_SetSnapRevCallBack. [OnSnapRevMessage=000001FB356B390C, dwUser=0000000000000000.]
[2021-09-25 23:30:36.872][P:15464/T:11120][dhnetsdk.cpp:6997][Info][0] Leave CLIENT_SetSnapRevCallBack.
[2021-09-25 23:30:36.873][P:15464/T:11120][dhnetsdk.cpp:132][Info][0] Enter CLIENT_InitEx:[cbDisConnect=000001FB356B395C, dwUser=0000000000000000, lpInitParam=0000000000000000].
[2021-09-25 23:30:36.892][P:15464/T:11120][AVNetSDKMgr.cpp:655][Info][0] Test avnetsdk module handle: 000001FB38590000

[2021-09-25 23:30:36.894][P:15464/T:11120][dhnetsdk.cpp:155][Info][0] Leave CLIENT_InitEx.
[2021-09-25 23:30:36.894][P:15464/T:11120][dhnetsdk.cpp:186][Info][0] Enter CLIENT_SetAutoReconnect:[cbAutoConnect=000001FB356B363C, dwUser=0000000000000000].
[2021-09-25 23:30:36.894][P:15464/T:11120][dhnetsdk.cpp:188][Info][0] Leave CLIENT_SetAutoReconnect.
[2021-09-25 23:30:36.894][P:15464/T:11120][dhnetsdk.cpp:6994][Info][0] Enter CLIENT_SetSnapRevCallBack. [OnSnapRevMessage=000001FB356B340C, dwUser=0000000000000000.]
[2021-09-25 23:30:36.894][P:15464/T:11120][dhnetsdk.cpp:6997][Info][0] Leave CLIENT_SetSnapRevCallBack.
[2021-09-25 23:30:54.807][P:15464/T:11120][dhnetsdk.cpp:582][Info][0] Enter CLIENT_LoginEx2. [IP=45.224.164.99, port=2080, SpeCap=0, lpDeviceInfo=000000DD043FDD10.]
[2021-09-25 23:30:55.403][P:15464/T:11120][dhnetsdk.cpp:618][Info][0] Leave CLIENT_LoginEx2. [error=0, login ID=941764112.]
[2021-09-25 23:30:58.599][P:15464/T:11120][dhnetsdk.cpp:1024][Info][0] Enter CLIENT_RealPlayEx. [lLoginID=941764112. nChannelID=0. rType=0]
[2021-09-25 23:30:58.796][P:15464/T:11120][DevConfigEx.cpp:9721][Info][0] IN SetupSession PORT=0 and PORT: 2080
[2021-09-25 23:30:58.862][P:15464/T:11120][dhnetsdk.cpp:1085][Info][0] Leave CLIENT_RealPlayEx. [ret=941869664]
[2021-09-25 23:30:58.863][P:15464/T:11120][dhnetsdk.cpp:2274][Info][0] Enter CLIENT_SetRealDataCallBackEx2. [lRealHandle=941869664. cbRealData=000001FB356B36DC, dwUser=0000000000000000. dwFlag=15.]
[2021-09-25 23:30:58.863][P:15464/T:11120][dhnetsdk.cpp:2297][Info][0] Leave CLIENT_SetRealDataCallBackEx2.[ret=1.]
[2021-09-25 23:31:14.537][P:15464/T:11120][dhnetsdk.cpp:2320][Info][0] Enter CLIENT_CapturePictureEx. [hPlayHandle=941869664. pchPicFileName=C:\Users\Felipe\Desktop\teste\felip\.jpg, eFormat=1.]
[2021-09-25 23:31:14.590][P:15464/T:11120][dhnetsdk.cpp:2341][Info][0] Leave CLIENT_CapturePictureEx.[ret=1.]
[2021-09-25 23:32:09.057][P:15464/T:11120][dhnetsdk.cpp:2320][Info][0] Enter CLIENT_CapturePictureEx. [hPlayHandle=941869664. pchPicFileName=C:\Users\Felipe\Desktop\bonanova\.jpg, eFormat=1.]
[2021-09-25 23:32:09.105][P:15464/T:11120][dhnetsdk.cpp:2341][Info][0] Leave CLIENT_CapturePictureEx.[ret=1.]
[2021-09-25 23:32:22.238][P:15464/T:11120][dhnetsdk.cpp:811][Info][0] Enter CLIENT_Logout. [lLoginID=941764112.]
[2021-09-25 23:32:22.244][P:15464/T:11120][TPTCPClient.cpp:514][Error][90010007] Device is not online, ip:45.224.164.99
[2021-09-25 23:32:22.244][P:15464/T:11120][dhnetsdk.cpp:833][Info][0] Leave CLIENT_Logout. [ret=1]
Begin Time:2021-09-25 23:34:00.506
[2021-09-25 23:34:00.506][P:4252/T:2776][Utils.cpp:4792][Info][0] mutil NIC client
[2021-09-25 23:34:00.531][P:4252/T:2776][AVNetSDKMgr.cpp:655][Info][0] Test avnetsdk module handle: 00000270773C0000

[2021-09-25 23:34:00.533][P:4252/T:2776][dhnetsdk.cpp:155][Info][0] Leave CLIENT_InitEx.
[2021-09-25 23:34:00.534][P:4252/T:2776][dhnetsdk.cpp:186][Info][0] Enter CLIENT_SetAutoReconnect:[cbAutoConnect=00000270743B34AC, dwUser=0000000000000000].
[2021-09-25 23:34:00.535][P:4252/T:2776][dhnetsdk.cpp:188][Info][0] Leave CLIENT_SetAutoReconnect.
[2021-09-25 23:34:00.535][P:4252/T:2776][dhnetsdk.cpp:6994][Info][0] Enter CLIENT_SetSnapRevCallBack. [OnSnapRevMessage=00000270743B36DC, dwUser=0000000000000000.]
[2021-09-25 23:34:00.535][P:4252/T:2776][dhnetsdk.cpp:6997][Info][0] Leave CLIENT_SetSnapRevCallBack.
[2021-09-25 23:34:00.536][P:4252/T:2776][dhnetsdk.cpp:132][Info][0] Enter CLIENT_InitEx:[cbDisConnect=00000270743B372C, dwUser=0000000000000000, lpInitParam=0000000000000000].
[2021-09-25 23:34:00.567][P:4252/T:2776][AVNetSDKMgr.cpp:655][Info][0] Test avnetsdk module handle: 00000270773C0000

[2021-09-25 23:34:00.570][P:4252/T:2776][dhnetsdk.cpp:155][Info][0] Leave CLIENT_InitEx.
[2021-09-25 23:34:00.570][P:4252/T:2776][dhnetsdk.cpp:186][Info][0] Enter CLIENT_SetAutoReconnect:[cbAutoConnect=00000270743B35EC, dwUser=0000000000000000].
[2021-09-25 23:34:00.570][P:4252/T:2776][dhnetsdk.cpp:188][Info][0] Leave CLIENT_SetAutoReconnect.
[2021-09-25 23:34:00.570][P:4252/T:2776][dhnetsdk.cpp:6994][Info][0] Enter CLIENT_SetSnapRevCallBack. [OnSnapRevMessage=00000270743B368C, dwUser=0000000000000000.]
[2021-09-25 23:34:00.571][P:4252/T:2776][dhnetsdk.cpp:6997][Info][0] Leave CLIENT_SetSnapRevCallBack.
[2021-09-25 23:34:02.554][P:4252/T:2776][dhnetsdk.cpp:582][Info][0] Enter CLIENT_LoginEx2. [IP=45.224.164.99, port=2080, SpeCap=0, lpDeviceInfo=000000F4F9BFDCC0.]
[2021-09-25 23:34:03.210][P:4252/T:2776][dhnetsdk.cpp:618][Info][0] Leave CLIENT_LoginEx2. [error=0, login ID=1997293024.]
[2021-09-25 23:34:05.778][P:4252/T:2776][dhnetsdk.cpp:1024][Info][0] Enter CLIENT_RealPlayEx. [lLoginID=1997293024. nChannelID=0. rType=0]
[2021-09-25 23:34:05.982][P:4252/T:2776][DevConfigEx.cpp:9721][Info][0] IN SetupSession PORT=0 and PORT: 2080
[2021-09-25 23:34:06.055][P:4252/T:2776][dhnetsdk.cpp:1085][Info][0] Leave CLIENT_RealPlayEx. [ret=1997387840]
[2021-09-25 23:34:06.055][P:4252/T:2776][dhnetsdk.cpp:2274][Info][0] Enter CLIENT_SetRealDataCallBackEx2. [lRealHandle=1997387840. cbRealData=00000270743B354C, dwUser=0000000000000000. dwFlag=15.]
[2021-09-25 23:34:06.055][P:4252/T:2776][dhnetsdk.cpp:2297][Info][0] Leave CLIENT_SetRealDataCallBackEx2.[ret=1.]
[2021-09-25 23:34:16.585][P:4252/T:2776][dhnetsdk.cpp:2320][Info][0] Enter CLIENT_CapturePictureEx. [hPlayHandle=1997387840. pchPicFileName=.jpg, eFormat=1.]
[2021-09-25 23:34:16.586][P:4252/T:2776][dhnetsdk.cpp:2341][Info][0] Leave CLIENT_CapturePictureEx.[ret=0.]
[2021-09-25 23:34:16.587][P:4252/T:2776][dhnetsdk.cpp:6505][Info][0] Enter CLIENT_GetLastError.
[2021-09-25 23:34:16.587][P:4252/T:2776][dhnetsdk.cpp:6508][Info][0] Leave CLIENT_GetLastError.[Error code=80000004.]
[2021-09-25 23:34:39.287][P:4252/T:2776][dhnetsdk.cpp:2320][Info][0] Enter CLIENT_CapturePictureEx. [hPlayHandle=1997387840. pchPicFileName=.jpg, eFormat=1.]
[2021-09-25 23:34:39.289][P:4252/T:2776][dhnetsdk.cpp:2341][Info][0] Leave CLIENT_CapturePictureEx.[ret=0.]
[2021-09-25 23:34:39.289][P:4252/T:2776][dhnetsdk.cpp:6505][Info][0] Enter CLIENT_GetLastError.
[2021-09-25 23:34:39.289][P:4252/T:2776][dhnetsdk.cpp:6508][Info][0] Leave CLIENT_GetLastError.[Error code=80000004.]
[2021-09-25 23:34:45.478][P:4252/T:2776][dhnetsdk.cpp:1518][Info][0] Enter CLIENT_StopRealPlayEx. [lRealHandle=1997387840.]
[2021-09-25 23:34:45.484][P:4252/T:2776][dhnetsdk.cpp:1532][Info][0] Leave CLIENT_StopRealPlayEx. [ret=1]
[2021-09-25 23:34:47.077][P:4252/T:2776][dhnetsdk.cpp:811][Info][0] Enter CLIENT_Logout. [lLoginID=1997293024.]
[2021-09-25 23:34:47.078][P:4252/T:2776][TPTCPClient.cpp:514][Error][90010007] Device is not online, ip:45.224.164.99
[2021-09-25 23:34:47.078][P:4252/T:2776][dhnetsdk.cpp:833][Info][0] Leave CLIENT_Logout. [ret=1]
Begin Time:2021-09-25 23:41:24.791
[2021-09-25 23:41:24.791][P:7784/T:12500][Utils.cpp:4792][Info][0] mutil NIC client
[2021-09-25 23:41:24.832][P:7784/T:12500][AVNetSDKMgr.cpp:655][Info][0] Test avnetsdk module handle: 000002519A260000

[2021-09-25 23:41:24.843][P:7784/T:12500][dhnetsdk.cpp:155][Info][0] Leave CLIENT_InitEx.
[2021-09-25 23:41:24.844][P:7784/T:12500][dhnetsdk.cpp:186][Info][0] Enter CLIENT_SetAutoReconnect:[cbAutoConnect=00000251FEE035EC, dwUser=0000000000000000].
[2021-09-25 23:41:24.844][P:7784/T:12500][dhnetsdk.cpp:188][Info][0] Leave CLIENT_SetAutoReconnect.
[2021-09-25 23:41:24.845][P:7784/T:12500][dhnetsdk.cpp:6994][Info][0] Enter CLIENT_SetSnapRevCallBack. [OnSnapRevMessage=00000251FEE0390C, dwUser=0000000000000000.]
[2021-09-25 23:41:24.845][P:7784/T:12500][dhnetsdk.cpp:6997][Info][0] Leave CLIENT_SetSnapRevCallBack.
[2021-09-25 23:41:24.846][P:7784/T:12500][dhnetsdk.cpp:132][Info][0] Enter CLIENT_InitEx:[cbDisConnect=00000251FEE0395C, dwUser=0000000000000000, lpInitParam=0000000000000000].
[2021-09-25 23:41:24.882][P:7784/T:12500][AVNetSDKMgr.cpp:655][Info][0] Test avnetsdk module handle: 000002519A260000

[2021-09-25 23:41:24.885][P:7784/T:12500][dhnetsdk.cpp:155][Info][0] Leave CLIENT_InitEx.
[2021-09-25 23:41:24.885][P:7784/T:12500][dhnetsdk.cpp:186][Info][0] Enter CLIENT_SetAutoReconnect:[cbAutoConnect=00000251FEE0363C, dwUser=0000000000000000].
[2021-09-25 23:41:24.885][P:7784/T:12500][dhnetsdk.cpp:188][Info][0] Leave CLIENT_SetAutoReconnect.
[2021-09-25 23:41:24.885][P:7784/T:12500][dhnetsdk.cpp:6994][Info][0] Enter CLIENT_SetSnapRevCallBack. [OnSnapRevMessage=00000251FEE0368C, dwUser=0000000000000000.]
[2021-09-25 23:41:24.885][P:7784/T:12500][dhnetsdk.cpp:6997][Info][0] Leave CLIENT_SetSnapRevCallBack.
[2021-09-25 23:41:26.381][P:7784/T:12500][dhnetsdk.cpp:582][Info][0] Enter CLIENT_LoginEx2. [IP=45.224.164.99, port=2080, SpeCap=0, lpDeviceInfo=000000533F3FE260.]
[2021-09-25 23:41:26.984][P:7784/T:12500][dhnetsdk.cpp:618][Info][0] Leave CLIENT_LoginEx2. [error=0, login ID=-7711680.]
[2021-09-25 23:41:31.652][P:7784/T:12500][dhnetsdk.cpp:1024][Info][0] Enter CLIENT_RealPlayEx. [lLoginID=-7711680. nChannelID=2. rType=0]
[2021-09-25 23:41:31.907][P:7784/T:12500][DevConfigEx.cpp:9721][Info][0] IN SetupSession PORT=0 and PORT: 2080
[2021-09-25 23:41:31.966][P:7784/T:12500][dhnetsdk.cpp:1085][Info][0] Leave CLIENT_RealPlayEx. [ret=-8212592]
[2021-09-25 23:41:31.966][P:7784/T:12500][dhnetsdk.cpp:2274][Info][0] Enter CLIENT_SetRealDataCallBackEx2. [lRealHandle=-8212592. cbRealData=00000251FEE0386C, dwUser=0000000000000000. dwFlag=15.]
[2021-09-25 23:41:31.966][P:7784/T:12500][dhnetsdk.cpp:2297][Info][0] Leave CLIENT_SetRealDataCallBackEx2.[ret=1.]
[2021-09-25 23:41:51.430][P:7784/T:12500][dhnetsdk.cpp:2320][Info][0] Enter CLIENT_CapturePictureEx. [hPlayHandle=-8212592. pchPicFileName=C:\Users\Felipe\Desktop\nome\2021-9-25-23-41.jpg, eFormat=1.]
[2021-09-25 23:41:51.471][P:7784/T:12500][dhnetsdk.cpp:2341][Info][0] Leave CLIENT_CapturePictureEx.[ret=1.]
[2021-09-25 23:42:28.523][P:7784/T:12500][dhnetsdk.cpp:1518][Info][0] Enter CLIENT_StopRealPlayEx. [lRealHandle=-8212592.]
[2021-09-25 23:42:28.528][P:7784/T:12500][dhnetsdk.cpp:1532][Info][0] Leave CLIENT_StopRealPlayEx. [ret=1]
[2021-09-25 23:42:29.456][P:7784/T:12500][dhnetsdk.cpp:811][Info][0] Enter CLIENT_Logout. [lLoginID=-7711680.]
[2021-09-25 23:42:29.457][P:7784/T:12500][TPTCPClient.cpp:514][Error][90010007] Device is not online, ip:45.224.164.99
[2021-09-25 23:42:29.457][P:7784/T:12500][dhnetsdk.cpp:833][Info][0] Leave CLIENT_Logout. [ret=1]
Begin Time:2021-09-25 23:47:50.529
[2021-09-25 23:47:50.529][P:2068/T:17180][Utils.cpp:4792][Info][0] mutil NIC client
[2021-09-25 23:47:50.548][P:2068/T:17180][AVNetSDKMgr.cpp:655][Info][0] Test avnetsdk module handle: 0000021153AD0000

[2021-09-25 23:47:50.551][P:2068/T:17180][dhnetsdk.cpp:155][Info][0] Leave CLIENT_InitEx.
[2021-09-25 23:47:50.552][P:2068/T:17180][dhnetsdk.cpp:186][Info][0] Enter CLIENT_SetAutoReconnect:[cbAutoConnect=00000211368133BC, dwUser=0000000000000000].
[2021-09-25 23:47:50.552][P:2068/T:17180][dhnetsdk.cpp:188][Info][0] Leave CLIENT_SetAutoReconnect.
[2021-09-25 23:47:50.553][P:2068/T:17180][dhnetsdk.cpp:6994][Info][0] Enter CLIENT_SetSnapRevCallBack. [OnSnapRevMessage=000002113681381C, dwUser=0000000000000000.]
[2021-09-25 23:47:50.553][P:2068/T:17180][dhnetsdk.cpp:6997][Info][0] Leave CLIENT_SetSnapRevCallBack.
[2021-09-25 23:47:50.554][P:2068/T:17180][dhnetsdk.cpp:132][Info][0] Enter CLIENT_InitEx:[cbDisConnect=00000211368134AC, dwUser=0000000000000000, lpInitParam=0000000000000000].
[2021-09-25 23:47:50.572][P:2068/T:17180][AVNetSDKMgr.cpp:655][Info][0] Test avnetsdk module handle: 0000021153AD0000

[2021-09-25 23:47:50.575][P:2068/T:17180][dhnetsdk.cpp:155][Info][0] Leave CLIENT_InitEx.
[2021-09-25 23:47:50.575][P:2068/T:17180][dhnetsdk.cpp:186][Info][0] Enter CLIENT_SetAutoReconnect:[cbAutoConnect=000002113681354C, dwUser=0000000000000000].
[2021-09-25 23:47:50.575][P:2068/T:17180][dhnetsdk.cpp:188][Info][0] Leave CLIENT_SetAutoReconnect.
[2021-09-25 23:47:50.575][P:2068/T:17180][dhnetsdk.cpp:6994][Info][0] Enter CLIENT_SetSnapRevCallBack. [OnSnapRevMessage=000002113681386C, dwUser=0000000000000000.]
[2021-09-25 23:47:50.575][P:2068/T:17180][dhnetsdk.cpp:6997][Info][0] Leave CLIENT_SetSnapRevCallBack.
[2021-09-25 23:47:52.087][P:2068/T:17180][dhnetsdk.cpp:582][Info][0] Enter CLIENT_LoginEx2. [IP=45.224.164.99, port=2080, SpeCap=0, lpDeviceInfo=00000020CC3FDEB0.]
[2021-09-25 23:47:52.719][P:2068/T:17180][dhnetsdk.cpp:618][Info][0] Leave CLIENT_LoginEx2. [error=0, login ID=1399930624.]
[2021-09-25 23:47:57.437][P:2068/T:17180][dhnetsdk.cpp:1024][Info][0] Enter CLIENT_RealPlayEx. [lLoginID=1399930624. nChannelID=0. rType=0]
[2021-09-25 23:47:57.689][P:2068/T:17180][DevConfigEx.cpp:9721][Info][0] IN SetupSession PORT=0 and PORT: 2080
[2021-09-25 23:47:57.774][P:2068/T:17180][dhnetsdk.cpp:1085][Info][0] Leave CLIENT_RealPlayEx. [ret=1400032896]
[2021-09-25 23:47:57.774][P:2068/T:17180][dhnetsdk.cpp:2274][Info][0] Enter CLIENT_SetRealDataCallBackEx2. [lRealHandle=1400032896. cbRealData=000002113681336C, dwUser=0000000000000000. dwFlag=15.]
[2021-09-25 23:47:57.774][P:2068/T:17180][dhnetsdk.cpp:2297][Info][0] Leave CLIENT_SetRealDataCallBackEx2.[ret=1.]
[2021-09-25 23:48:05.441][P:2068/T:17180][dhnetsdk.cpp:2320][Info][0] Enter CLIENT_CapturePictureEx. [hPlayHandle=1400032896. pchPicFileName=C:\Users\Felipe\Desktop\fotos\25-9-2021-23-48.jpg, eFormat=1.]
[2021-09-25 23:48:05.488][P:2068/T:17180][dhnetsdk.cpp:2341][Info][0] Leave CLIENT_CapturePictureEx.[ret=1.]
[2021-09-25 23:48:21.177][P:2068/T:17180][dhnetsdk.cpp:1518][Info][0] Enter CLIENT_StopRealPlayEx. [lRealHandle=1400032896.]
[2021-09-25 23:48:21.185][P:2068/T:17180][dhnetsdk.cpp:1532][Info][0] Leave CLIENT_StopRealPlayEx. [ret=1]
[2021-09-25 23:48:24.073][P:2068/T:17180][dhnetsdk.cpp:1024][Info][0] Enter CLIENT_RealPlayEx. [lLoginID=1399930624. nChannelID=3. rType=0]
[2021-09-25 23:48:24.081][P:2068/T:17180][DevConfigEx.cpp:9721][Info][0] IN SetupSession PORT=0 and PORT: 2080
[2021-09-25 23:48:24.104][P:2068/T:17180][dhnetsdk.cpp:1085][Info][0] Leave CLIENT_RealPlayEx. [ret=1400032896]
[2021-09-25 23:48:24.104][P:2068/T:17180][dhnetsdk.cpp:2274][Info][0] Enter CLIENT_SetRealDataCallBackEx2. [lRealHandle=1400032896. cbRealData=000002113681336C, dwUser=0000000000000000. dwFlag=15.]
[2021-09-25 23:48:24.104][P:2068/T:17180][dhnetsdk.cpp:2297][Info][0] Leave CLIENT_SetRealDataCallBackEx2.[ret=1.]
[2021-09-25 23:49:06.085][P:2068/T:17180][dhnetsdk.cpp:2320][Info][0] Enter CLIENT_CapturePictureEx. [hPlayHandle=1400032896. pchPicFileName=C:\Users\Felipe\Desktop\fotos\fotos\25-9-2021-23-49.jpg, eFormat=1.]
[2021-09-25 23:49:06.134][P:2068/T:17180][dhnetsdk.cpp:2341][Info][0] Leave CLIENT_CapturePictureEx.[ret=1.]
[2021-09-25 23:49:36.922][P:2068/T:17180][dhnetsdk.cpp:1518][Info][0] Enter CLIENT_StopRealPlayEx. [lRealHandle=1400032896.]
[2021-09-25 23:49:36.935][P:2068/T:17180][dhnetsdk.cpp:1532][Info][0] Leave CLIENT_StopRealPlayEx. [ret=1]
[2021-09-25 23:49:38.274][P:2068/T:17180][dhnetsdk.cpp:811][Info][0] Enter CLIENT_Logout. [lLoginID=1399930624.]
[2021-09-25 23:49:38.274][P:2068/T:17180][TPTCPClient.cpp:514][Error][90010007] Device is not online, ip:45.224.164.99
[2021-09-25 23:49:38.274][P:2068/T:17180][dhnetsdk.cpp:833][Info][0] Leave CLIENT_Logout. [ret=1]
Begin Time:2021-09-26 22:29:14.093
[2021-09-26 22:29:14.093][P:12688/T:1276][Utils.cpp:4792][Info][0] mutil NIC client
[2021-09-26 22:29:14.119][P:12688/T:1276][AVNetSDKMgr.cpp:655][Info][0] Test avnetsdk module handle: 0000013DA0600000

[2021-09-26 22:29:14.121][P:12688/T:1276][dhnetsdk.cpp:155][Info][0] Leave CLIENT_InitEx.
[2021-09-26 22:29:14.122][P:12688/T:1276][dhnetsdk.cpp:186][Info][0] Enter CLIENT_SetAutoReconnect:[cbAutoConnect=0000013D9D00390C, dwUser=0000000000000000].
[2021-09-26 22:29:14.122][P:12688/T:1276][dhnetsdk.cpp:188][Info][0] Leave CLIENT_SetAutoReconnect.
[2021-09-26 22:29:14.122][P:12688/T:1276][dhnetsdk.cpp:6994][Info][0] Enter CLIENT_SetSnapRevCallBack. [OnSnapRevMessage=0000013D9D00354C, dwUser=0000000000000000.]
[2021-09-26 22:29:14.122][P:12688/T:1276][dhnetsdk.cpp:6997][Info][0] Leave CLIENT_SetSnapRevCallBack.
[2021-09-26 22:29:14.123][P:12688/T:1276][dhnetsdk.cpp:132][Info][0] Enter CLIENT_InitEx:[cbDisConnect=0000013D9D00395C, dwUser=0000000000000000, lpInitParam=0000000000000000].
[2021-09-26 22:29:14.138][P:12688/T:1276][AVNetSDKMgr.cpp:655][Info][0] Test avnetsdk module handle: 0000013DA0600000

[2021-09-26 22:29:14.141][P:12688/T:1276][dhnetsdk.cpp:155][Info][0] Leave CLIENT_InitEx.
[2021-09-26 22:29:14.141][P:12688/T:1276][dhnetsdk.cpp:186][Info][0] Enter CLIENT_SetAutoReconnect:[cbAutoConnect=0000013D9D0039FC, dwUser=0000000000000000].
[2021-09-26 22:29:14.141][P:12688/T:1276][dhnetsdk.cpp:188][Info][0] Leave CLIENT_SetAutoReconnect.
[2021-09-26 22:29:14.141][P:12688/T:1276][dhnetsdk.cpp:6994][Info][0] Enter CLIENT_SetSnapRevCallBack. [OnSnapRevMessage=0000013D9D003A4C, dwUser=0000000000000000.]
[2021-09-26 22:29:14.141][P:12688/T:1276][dhnetsdk.cpp:6997][Info][0] Leave CLIENT_SetSnapRevCallBack.
[2021-09-26 22:29:17.149][P:12688/T:1276][dhnetsdk.cpp:582][Info][0] Enter CLIENT_LoginEx2. [IP=45.224.164.99, port=2080, SpeCap=0, lpDeviceInfo=00000005211FDDF0.]
[2021-09-26 22:29:17.780][P:12688/T:1276][dhnetsdk.cpp:618][Info][0] Leave CLIENT_LoginEx2. [error=0, login ID=-1617477024.]
Begin Time:2021-09-26 22:44:22.566
[2021-09-26 22:44:22.566][P:12868/T:14276][Utils.cpp:4792][Info][0] mutil NIC client
[2021-09-26 22:44:22.594][P:12868/T:14276][AVNetSDKMgr.cpp:655][Info][0] Test avnetsdk module handle: 000001F3FBB50000

[2021-09-26 22:44:22.598][P:12868/T:14276][dhnetsdk.cpp:155][Info][0] Leave CLIENT_InitEx.
[2021-09-26 22:44:22.601][P:12868/T:14276][dhnetsdk.cpp:186][Info][0] Enter CLIENT_SetAutoReconnect:[cbAutoConnect=000001F3F8D63A4C, dwUser=0000000000000000].
[2021-09-26 22:44:22.601][P:12868/T:14276][dhnetsdk.cpp:188][Info][0] Leave CLIENT_SetAutoReconnect.
[2021-09-26 22:44:22.602][P:12868/T:14276][dhnetsdk.cpp:6994][Info][0] Enter CLIENT_SetSnapRevCallBack. [OnSnapRevMessage=000001F3F8D6368C, dwUser=0000000000000000.]
[2021-09-26 22:44:22.602][P:12868/T:14276][dhnetsdk.cpp:6997][Info][0] Leave CLIENT_SetSnapRevCallBack.
[2021-09-26 22:44:22.603][P:12868/T:14276][dhnetsdk.cpp:132][Info][0] Enter CLIENT_InitEx:[cbDisConnect=000001F3F8D633BC, dwUser=0000000000000000, lpInitParam=0000000000000000].
[2021-09-26 22:44:22.655][P:12868/T:14276][AVNetSDKMgr.cpp:655][Info][0] Test avnetsdk module handle: 000001F3FBB50000

[2021-09-26 22:44:22.658][P:12868/T:14276][dhnetsdk.cpp:155][Info][0] Leave CLIENT_InitEx.
[2021-09-26 22:44:22.659][P:12868/T:14276][dhnetsdk.cpp:186][Info][0] Enter CLIENT_SetAutoReconnect:[cbAutoConnect=000001F3F8D636DC, dwUser=0000000000000000].
[2021-09-26 22:44:22.659][P:12868/T:14276][dhnetsdk.cpp:188][Info][0] Leave CLIENT_SetAutoReconnect.
[2021-09-26 22:44:22.659][P:12868/T:14276][dhnetsdk.cpp:6994][Info][0] Enter CLIENT_SetSnapRevCallBack. [OnSnapRevMessage=000001F3F8D6340C, dwUser=0000000000000000.]
[2021-09-26 22:44:22.659][P:12868/T:14276][dhnetsdk.cpp:6997][Info][0] Leave CLIENT_SetSnapRevCallBack.
[2021-09-26 22:44:24.333][P:12868/T:14276][dhnetsdk.cpp:582][Info][0] Enter CLIENT_LoginEx2. [IP=45.224.164.99, port=2080, SpeCap=0, lpDeviceInfo=000000C982FFE0A0.]
[2021-09-26 22:44:24.592][P:12868/T:14276][dhnetsdk.cpp:618][Info][0] Leave CLIENT_LoginEx2. [error=0, login ID=-75150992.]
[2021-09-26 22:44:26.613][P:12868/T:14276][dhnetsdk.cpp:1024][Info][0] Enter CLIENT_RealPlayEx. [lLoginID=-75150992. nChannelID=0. rType=0]
[2021-09-26 22:44:26.866][P:12868/T:14276][DevConfigEx.cpp:9721][Info][0] IN SetupSession PORT=0 and PORT: 2080
[2021-09-26 22:44:27.018][P:12868/T:14276][dhnetsdk.cpp:1085][Info][0] Leave CLIENT_RealPlayEx. [ret=-75055152]
[2021-09-26 22:44:27.019][P:12868/T:14276][dhnetsdk.cpp:2274][Info][0] Enter CLIENT_SetRealDataCallBackEx2. [lRealHandle=-75055152. cbRealData=000001F3F8D6377C, dwUser=0000000000000000. dwFlag=15.]
[2021-09-26 22:44:27.019][P:12868/T:14276][dhnetsdk.cpp:2297][Info][0] Leave CLIENT_SetRealDataCallBackEx2.[ret=1.]
[2021-09-26 22:44:42.171][P:12868/T:14276][dhnetsdk.cpp:2320][Info][0] Enter CLIENT_CapturePictureEx. [hPlayHandle=-75055152. pchPicFileName=.jpg, eFormat=1.]
[2021-09-26 22:44:42.172][P:12868/T:14276][dhnetsdk.cpp:2341][Info][0] Leave CLIENT_CapturePictureEx.[ret=0.]
[2021-09-26 22:44:42.174][P:12868/T:14276][dhnetsdk.cpp:6505][Info][0] Enter CLIENT_GetLastError.
[2021-09-26 22:44:42.174][P:12868/T:14276][dhnetsdk.cpp:6508][Info][0] Leave CLIENT_GetLastError.[Error code=80000004.]
[2021-09-26 22:45:02.975][P:12868/T:14276][dhnetsdk.cpp:2320][Info][0] Enter CLIENT_CapturePictureEx. [hPlayHandle=-75055152. pchPicFileName=.jpg, eFormat=1.]
[2021-09-26 22:45:02.976][P:12868/T:14276][dhnetsdk.cpp:2341][Info][0] Leave CLIENT_CapturePictureEx.[ret=0.]
[2021-09-26 22:45:02.976][P:12868/T:14276][dhnetsdk.cpp:6505][Info][0] Enter CLIENT_GetLastError.
[2021-09-26 22:45:02.976][P:12868/T:14276][dhnetsdk.cpp:6508][Info][0] Leave CLIENT_GetLastError.[Error code=80000004.]
[2021-09-26 22:45:07.353][P:12868/T:14276][dhnetsdk.cpp:811][Info][0] Enter CLIENT_Logout. [lLoginID=-75150992.]
[2021-09-26 22:45:07.370][P:12868/T:14276][TPTCPClient.cpp:514][Error][90010007] Device is not online, ip:45.224.164.99
[2021-09-26 22:45:07.371][P:12868/T:14276][dhnetsdk.cpp:833][Info][0] Leave CLIENT_Logout. [ret=1]
Begin Time:2021-09-26 22:46:06.556
[2021-09-26 22:46:06.556][P:5460/T:10108][Utils.cpp:4792][Info][0] mutil NIC client
[2021-09-26 22:46:06.585][P:5460/T:10108][AVNetSDKMgr.cpp:655][Info][0] Test avnetsdk module handle: 000002797E520000

[2021-09-26 22:46:06.588][P:5460/T:10108][dhnetsdk.cpp:155][Info][0] Leave CLIENT_InitEx.
[2021-09-26 22:46:06.589][P:5460/T:10108][dhnetsdk.cpp:186][Info][0] Enter CLIENT_SetAutoReconnect:[cbAutoConnect=000002797B64336C, dwUser=0000000000000000].
[2021-09-26 22:46:06.589][P:5460/T:10108][dhnetsdk.cpp:188][Info][0] Leave CLIENT_SetAutoReconnect.
[2021-09-26 22:46:06.589][P:5460/T:10108][dhnetsdk.cpp:6994][Info][0] Enter CLIENT_SetSnapRevCallBack. [OnSnapRevMessage=000002797B64390C, dwUser=0000000000000000.]
[2021-09-26 22:46:06.590][P:5460/T:10108][dhnetsdk.cpp:6997][Info][0] Leave CLIENT_SetSnapRevCallBack.
[2021-09-26 22:46:06.591][P:5460/T:10108][dhnetsdk.cpp:132][Info][0] Enter CLIENT_InitEx:[cbDisConnect=000002797B64345C, dwUser=0000000000000000, lpInitParam=0000000000000000].
[2021-09-26 22:46:06.623][P:5460/T:10108][AVNetSDKMgr.cpp:655][Info][0] Test avnetsdk module handle: 0000027900000000

[2021-09-26 22:46:06.630][P:5460/T:10108][dhnetsdk.cpp:155][Info][0] Leave CLIENT_InitEx.
[2021-09-26 22:46:06.630][P:5460/T:10108][dhnetsdk.cpp:186][Info][0] Enter CLIENT_SetAutoReconnect:[cbAutoConnect=000002797B6437CC, dwUser=0000000000000000].
[2021-09-26 22:46:06.630][P:5460/T:10108][dhnetsdk.cpp:188][Info][0] Leave CLIENT_SetAutoReconnect.
[2021-09-26 22:46:06.631][P:5460/T:10108][dhnetsdk.cpp:6994][Info][0] Enter CLIENT_SetSnapRevCallBack. [OnSnapRevMessage=000002797B6439FC, dwUser=0000000000000000.]
[2021-09-26 22:46:06.631][P:5460/T:10108][dhnetsdk.cpp:6997][Info][0] Leave CLIENT_SetSnapRevCallBack.
[2021-09-26 22:46:07.756][P:5460/T:10108][dhnetsdk.cpp:582][Info][0] Enter CLIENT_LoginEx2. [IP=45.224.164.99, port=2080, SpeCap=0, lpDeviceInfo=0000008D991FDE50.]
[2021-09-26 22:46:08.034][P:5460/T:10108][dhnetsdk.cpp:618][Info][0] Leave CLIENT_LoginEx2. [error=0, login ID=2115703296.]
[2021-09-26 22:46:10.178][P:5460/T:10108][dhnetsdk.cpp:1024][Info][0] Enter CLIENT_RealPlayEx. [lLoginID=2115703296. nChannelID=0. rType=0]
[2021-09-26 22:46:10.409][P:5460/T:10108][DevConfigEx.cpp:9721][Info][0] IN SetupSession PORT=0 and PORT: 2080
[2021-09-26 22:46:10.472][P:5460/T:10108][dhnetsdk.cpp:1085][Info][0] Leave CLIENT_RealPlayEx. [ret=2115808496]
[2021-09-26 22:46:10.473][P:5460/T:10108][dhnetsdk.cpp:2274][Info][0] Enter CLIENT_SetRealDataCallBackEx2. [lRealHandle=2115808496. cbRealData=000002797B6433BC, dwUser=0000000000000000. dwFlag=15.]
[2021-09-26 22:46:10.473][P:5460/T:10108][dhnetsdk.cpp:2297][Info][0] Leave CLIENT_SetRealDataCallBackEx2.[ret=1.]
[2021-09-26 22:46:19.972][P:5460/T:10108][dhnetsdk.cpp:2320][Info][0] Enter CLIENT_CapturePictureEx. [hPlayHandle=2115808496. pchPicFileName=C:\Users\Felipe\Desktop\bonanova.jpg, eFormat=1.]
[2021-09-26 22:46:20.019][P:5460/T:10108][dhnetsdk.cpp:2341][Info][0] Leave CLIENT_CapturePictureEx.[ret=1.]
[2021-09-26 22:46:37.020][P:5460/T:10108][dhnetsdk.cpp:811][Info][0] Enter CLIENT_Logout. [lLoginID=2115703296.]
[2021-09-26 22:46:37.031][P:5460/T:10108][TPTCPClient.cpp:514][Error][90010007] Device is not online, ip:45.224.164.99
[2021-09-26 22:46:37.032][P:5460/T:10108][dhnetsdk.cpp:833][Info][0] Leave CLIENT_Logout. [ret=1]
Begin Time:2021-09-26 22:56:02.564
[2021-09-26 22:56:02.564][P:10408/T:17592][Utils.cpp:4792][Info][0] mutil NIC client
[2021-09-26 22:56:02.599][P:10408/T:17592][AVNetSDKMgr.cpp:655][Info][0] Test avnetsdk module handle: 000001F7EF700000

[2021-09-26 22:56:02.602][P:10408/T:17592][dhnetsdk.cpp:155][Info][0] Leave CLIENT_InitEx.
[2021-09-26 22:56:02.604][P:10408/T:17592][dhnetsdk.cpp:186][Info][0] Enter CLIENT_SetAutoReconnect:[cbAutoConnect=000001F7EC5B34FC, dwUser=0000000000000000].
[2021-09-26 22:56:02.604][P:10408/T:17592][dhnetsdk.cpp:188][Info][0] Leave CLIENT_SetAutoReconnect.
[2021-09-26 22:56:02.605][P:10408/T:17592][dhnetsdk.cpp:6994][Info][0] Enter CLIENT_SetSnapRevCallBack. [OnSnapRevMessage=000001F7EC5B368C, dwUser=0000000000000000.]
[2021-09-26 22:56:02.605][P:10408/T:17592][dhnetsdk.cpp:6997][Info][0] Leave CLIENT_SetSnapRevCallBack.
[2021-09-26 22:56:02.606][P:10408/T:17592][dhnetsdk.cpp:132][Info][0] Enter CLIENT_InitEx:[cbDisConnect=000001F7EC5B36DC, dwUser=0000000000000000, lpInitParam=0000000000000000].
[2021-09-26 22:56:02.627][P:10408/T:17592][AVNetSDKMgr.cpp:655][Info][0] Test avnetsdk module handle: 000001F7EF700000

[2021-09-26 22:56:02.630][P:10408/T:17592][dhnetsdk.cpp:155][Info][0] Leave CLIENT_InitEx.
[2021-09-26 22:56:02.630][P:10408/T:17592][dhnetsdk.cpp:186][Info][0] Enter CLIENT_SetAutoReconnect:[cbAutoConnect=000001F7EC5B372C, dwUser=0000000000000000].
[2021-09-26 22:56:02.630][P:10408/T:17592][dhnetsdk.cpp:188][Info][0] Leave CLIENT_SetAutoReconnect.
[2021-09-26 22:56:02.630][P:10408/T:17592][dhnetsdk.cpp:6994][Info][0] Enter CLIENT_SetSnapRevCallBack. [OnSnapRevMessage=000001F7EC5B386C, dwUser=0000000000000000.]
[2021-09-26 22:56:02.630][P:10408/T:17592][dhnetsdk.cpp:6997][Info][0] Leave CLIENT_SetSnapRevCallBack.
[2021-09-26 22:56:03.923][P:10408/T:17592][dhnetsdk.cpp:582][Info][0] Enter CLIENT_LoginEx2. [IP=45.224.164.99, port=2080, SpeCap=0, lpDeviceInfo=0000004A77BFE2F0.]
[2021-09-26 22:56:04.206][P:10408/T:17592][dhnetsdk.cpp:618][Info][0] Leave CLIENT_LoginEx2. [error=0, login ID=-281397792.]
[2021-09-26 22:56:07.188][P:10408/T:17592][dhnetsdk.cpp:1024][Info][0] Enter CLIENT_RealPlayEx. [lLoginID=-281397792. nChannelID=0. rType=0]
[2021-09-26 22:56:07.395][P:10408/T:17592][DevConfigEx.cpp:9721][Info][0] IN SetupSession PORT=0 and PORT: 2080
[2021-09-26 22:56:07.467][P:10408/T:17592][dhnetsdk.cpp:1085][Info][0] Leave CLIENT_RealPlayEx. [ret=-281293632]
[2021-09-26 22:56:07.468][P:10408/T:17592][dhnetsdk.cpp:2274][Info][0] Enter CLIENT_SetRealDataCallBackEx2. [lRealHandle=-281293632. cbRealData=000001F7EC5B39FC, dwUser=0000000000000000. dwFlag=15.]
[2021-09-26 22:56:07.468][P:10408/T:17592][dhnetsdk.cpp:2297][Info][0] Leave CLIENT_SetRealDataCallBackEx2.[ret=1.]
[2021-09-26 22:56:08.418][P:10408/T:17592][dhnetsdk.cpp:2320][Info][0] Enter CLIENT_CapturePictureEx. [hPlayHandle=-281293632. pchPicFileName=.jpg, eFormat=1.]
[2021-09-26 22:56:08.418][P:10408/T:17592][dhnetsdk.cpp:2341][Info][0] Leave CLIENT_CapturePictureEx.[ret=0.]
[2021-09-26 22:56:08.419][P:10408/T:17592][dhnetsdk.cpp:6505][Info][0] Enter CLIENT_GetLastError.
[2021-09-26 22:56:08.419][P:10408/T:17592][dhnetsdk.cpp:6508][Info][0] Leave CLIENT_GetLastError.[Error code=80000004.]
[2021-09-26 22:56:12.851][P:10408/T:17592][dhnetsdk.cpp:2320][Info][0] Enter CLIENT_CapturePictureEx. [hPlayHandle=-281293632. pchPicFileName=.jpg, eFormat=1.]
[2021-09-26 22:56:12.853][P:10408/T:17592][dhnetsdk.cpp:2341][Info][0] Leave CLIENT_CapturePictureEx.[ret=0.]
[2021-09-26 22:56:12.853][P:10408/T:17592][dhnetsdk.cpp:6505][Info][0] Enter CLIENT_GetLastError.
[2021-09-26 22:56:12.853][P:10408/T:17592][dhnetsdk.cpp:6508][Info][0] Leave CLIENT_GetLastError.[Error code=80000004.]
[2021-09-26 22:56:20.575][P:10408/T:17592][dhnetsdk.cpp:1518][Info][0] Enter CLIENT_StopRealPlayEx. [lRealHandle=-281293632.]
[2021-09-26 22:56:20.590][P:10408/T:17592][dhnetsdk.cpp:1532][Info][0] Leave CLIENT_StopRealPlayEx. [ret=1]
[2021-09-26 22:56:21.635][P:10408/T:17592][dhnetsdk.cpp:811][Info][0] Enter CLIENT_Logout. [lLoginID=-281397792.]
[2021-09-26 22:56:21.636][P:10408/T:17592][TPTCPClient.cpp:514][Error][90010007] Device is not online, ip:45.224.164.99
[2021-09-26 22:56:21.636][P:10408/T:17592][dhnetsdk.cpp:833][Info][0] Leave CLIENT_Logout. [ret=1]
Begin Time:2021-09-26 22:57:55.435
[2021-09-26 22:57:55.436][P:1008/T:15672][Utils.cpp:4792][Info][0] mutil NIC client
[2021-09-26 22:57:55.463][P:1008/T:15672][AVNetSDKMgr.cpp:655][Info][0] Test avnetsdk module handle: 0000017747500000

[2021-09-26 22:57:55.466][P:1008/T:15672][dhnetsdk.cpp:155][Info][0] Leave CLIENT_InitEx.
[2021-09-26 22:57:55.467][P:1008/T:15672][dhnetsdk.cpp:186][Info][0] Enter CLIENT_SetAutoReconnect:[cbAutoConnect=000001774451359C, dwUser=0000000000000000].
[2021-09-26 22:57:55.467][P:1008/T:15672][dhnetsdk.cpp:188][Info][0] Leave CLIENT_SetAutoReconnect.
[2021-09-26 22:57:55.467][P:1008/T:15672][dhnetsdk.cpp:6994][Info][0] Enter CLIENT_SetSnapRevCallBack. [OnSnapRevMessage=000001774451395C, dwUser=0000000000000000.]
[2021-09-26 22:57:55.467][P:1008/T:15672][dhnetsdk.cpp:6997][Info][0] Leave CLIENT_SetSnapRevCallBack.
[2021-09-26 22:57:55.469][P:1008/T:15672][dhnetsdk.cpp:132][Info][0] Enter CLIENT_InitEx:[cbDisConnect=0000017744513A4C, dwUser=0000000000000000, lpInitParam=0000000000000000].
[2021-09-26 22:57:55.485][P:1008/T:15672][AVNetSDKMgr.cpp:655][Info][0] Test avnetsdk module handle: 0000017747500000

[2021-09-26 22:57:55.488][P:1008/T:15672][dhnetsdk.cpp:155][Info][0] Leave CLIENT_InitEx.
[2021-09-26 22:57:55.488][P:1008/T:15672][dhnetsdk.cpp:186][Info][0] Enter CLIENT_SetAutoReconnect:[cbAutoConnect=00000177445134FC, dwUser=0000000000000000].
[2021-09-26 22:57:55.488][P:1008/T:15672][dhnetsdk.cpp:188][Info][0] Leave CLIENT_SetAutoReconnect.
[2021-09-26 22:57:55.488][P:1008/T:15672][dhnetsdk.cpp:6994][Info][0] Enter CLIENT_SetSnapRevCallBack. [OnSnapRevMessage=000001774451377C, dwUser=0000000000000000.]
[2021-09-26 22:57:55.488][P:1008/T:15672][dhnetsdk.cpp:6997][Info][0] Leave CLIENT_SetSnapRevCallBack.
[2021-09-26 22:57:56.664][P:1008/T:15672][dhnetsdk.cpp:582][Info][0] Enter CLIENT_LoginEx2. [IP=45.224.164.99, port=2080, SpeCap=0, lpDeviceInfo=000000309B5FDFA0.]
[2021-09-26 22:57:56.988][P:1008/T:15672][dhnetsdk.cpp:618][Info][0] Leave CLIENT_LoginEx2. [error=0, login ID=1192627712.]
[2021-09-26 22:57:58.767][P:1008/T:15672][dhnetsdk.cpp:1024][Info][0] Enter CLIENT_RealPlayEx. [lLoginID=1192627712. nChannelID=0. rType=0]
[2021-09-26 22:57:58.996][P:1008/T:15672][DevConfigEx.cpp:9721][Info][0] IN SetupSession PORT=0 and PORT: 2080
[2021-09-26 22:57:59.064][P:1008/T:15672][dhnetsdk.cpp:1085][Info][0] Leave CLIENT_RealPlayEx. [ret=1192724352]
[2021-09-26 22:57:59.065][P:1008/T:15672][dhnetsdk.cpp:2274][Info][0] Enter CLIENT_SetRealDataCallBackEx2. [lRealHandle=1192724352. cbRealData=00000177445139AC, dwUser=0000000000000000. dwFlag=15.]
[2021-09-26 22:57:59.065][P:1008/T:15672][dhnetsdk.cpp:2297][Info][0] Leave CLIENT_SetRealDataCallBackEx2.[ret=1.]
[2021-09-26 22:58:23.442][P:1008/T:15672][dhnetsdk.cpp:2320][Info][0] Enter CLIENT_CapturePictureEx. [hPlayHandle=1192724352. pchPicFileName=C:\Users\Felipe\Desktop.jpg, eFormat=1.]
[2021-09-26 22:58:23.472][P:1008/T:15672][dhnetsdk.cpp:2341][Info][0] Leave CLIENT_CapturePictureEx.[ret=1.]
[2021-09-26 22:58:30.571][P:1008/T:15672][dhnetsdk.cpp:1518][Info][0] Enter CLIENT_StopRealPlayEx. [lRealHandle=1192724352.]
[2021-09-26 22:58:30.581][P:1008/T:15672][dhnetsdk.cpp:1532][Info][0] Leave CLIENT_StopRealPlayEx. [ret=1]
[2021-09-26 22:58:31.688][P:1008/T:15672][dhnetsdk.cpp:811][Info][0] Enter CLIENT_Logout. [lLoginID=1192627712.]
[2021-09-26 22:58:31.689][P:1008/T:15672][TPTCPClient.cpp:514][Error][90010007] Device is not online, ip:45.224.164.99
[2021-09-26 22:58:31.689][P:1008/T:15672][dhnetsdk.cpp:833][Info][0] Leave CLIENT_Logout. [ret=1]
Begin Time:2021-09-26 23:00:24.412
[2021-09-26 23:00:24.412][P:7640/T:9456][Utils.cpp:4792][Info][0] mutil NIC client
[2021-09-26 23:00:24.435][P:7640/T:9456][AVNetSDKMgr.cpp:655][Info][0] Test avnetsdk module handle: 000002B948850000

[2021-09-26 23:00:24.437][P:7640/T:9456][dhnetsdk.cpp:155][Info][0] Leave CLIENT_InitEx.
[2021-09-26 23:00:24.439][P:7640/T:9456][dhnetsdk.cpp:186][Info][0] Enter CLIENT_SetAutoReconnect:[cbAutoConnect=000002B9456D372C, dwUser=0000000000000000].
[2021-09-26 23:00:24.439][P:7640/T:9456][dhnetsdk.cpp:188][Info][0] Leave CLIENT_SetAutoReconnect.
[2021-09-26 23:00:24.439][P:7640/T:9456][dhnetsdk.cpp:6994][Info][0] Enter CLIENT_SetSnapRevCallBack. [OnSnapRevMessage=000002B9456D395C, dwUser=0000000000000000.]
[2021-09-26 23:00:24.439][P:7640/T:9456][dhnetsdk.cpp:6997][Info][0] Leave CLIENT_SetSnapRevCallBack.
[2021-09-26 23:00:24.440][P:7640/T:9456][dhnetsdk.cpp:132][Info][0] Enter CLIENT_InitEx:[cbDisConnect=000002B9456D39AC, dwUser=0000000000000000, lpInitParam=0000000000000000].
[2021-09-26 23:00:24.458][P:7640/T:9456][AVNetSDKMgr.cpp:655][Info][0] Test avnetsdk module handle: 000002B948850000

[2021-09-26 23:00:24.461][P:7640/T:9456][dhnetsdk.cpp:155][Info][0] Leave CLIENT_InitEx.
[2021-09-26 23:00:24.461][P:7640/T:9456][dhnetsdk.cpp:186][Info][0] Enter CLIENT_SetAutoReconnect:[cbAutoConnect=000002B9456D33BC, dwUser=0000000000000000].
[2021-09-26 23:00:24.461][P:7640/T:9456][dhnetsdk.cpp:188][Info][0] Leave CLIENT_SetAutoReconnect.
[2021-09-26 23:00:24.461][P:7640/T:9456][dhnetsdk.cpp:6994][Info][0] Enter CLIENT_SetSnapRevCallBack. [OnSnapRevMessage=000002B9456D377C, dwUser=0000000000000000.]
[2021-09-26 23:00:24.461][P:7640/T:9456][dhnetsdk.cpp:6997][Info][0] Leave CLIENT_SetSnapRevCallBack.
[2021-09-26 23:00:25.774][P:7640/T:9456][dhnetsdk.cpp:582][Info][0] Enter CLIENT_LoginEx2. [IP=45.224.164.99, port=2080, SpeCap=0, lpDeviceInfo=000000EA94BFDE40.]
[2021-09-26 23:00:26.035][P:7640/T:9456][dhnetsdk.cpp:618][Info][0] Leave CLIENT_LoginEx2. [error=0, login ID=1213547888.]
[2021-09-26 23:00:27.509][P:7640/T:9456][dhnetsdk.cpp:1024][Info][0] Enter CLIENT_RealPlayEx. [lLoginID=1213547888. nChannelID=0. rType=0]
[2021-09-26 23:00:27.735][P:7640/T:9456][DevConfigEx.cpp:9721][Info][0] IN SetupSession PORT=0 and PORT: 2080
[2021-09-26 23:00:27.793][P:7640/T:9456][dhnetsdk.cpp:1085][Info][0] Leave CLIENT_RealPlayEx. [ret=1213645216]
[2021-09-26 23:00:27.793][P:7640/T:9456][dhnetsdk.cpp:2274][Info][0] Enter CLIENT_SetRealDataCallBackEx2. [lRealHandle=1213645216. cbRealData=000002B9456D345C, dwUser=0000000000000000. dwFlag=15.]
[2021-09-26 23:00:27.793][P:7640/T:9456][dhnetsdk.cpp:2297][Info][0] Leave CLIENT_SetRealDataCallBackEx2.[ret=1.]
[2021-09-26 23:00:39.326][P:7640/T:9456][dhnetsdk.cpp:2320][Info][0] Enter CLIENT_CapturePictureEx. [hPlayHandle=1213645216. pchPicFileName=C:\Users\Felipe\Desktop\26-9-2021-23-0.jpg, eFormat=1.]
[2021-09-26 23:00:39.362][P:7640/T:9456][dhnetsdk.cpp:2341][Info][0] Leave CLIENT_CapturePictureEx.[ret=1.]
[2021-09-26 23:00:56.793][P:7640/T:9456][dhnetsdk.cpp:1518][Info][0] Enter CLIENT_StopRealPlayEx. [lRealHandle=1213645216.]
[2021-09-26 23:00:56.803][P:7640/T:9456][dhnetsdk.cpp:1532][Info][0] Leave CLIENT_StopRealPlayEx. [ret=1]
[2021-09-26 23:01:00.505][P:7640/T:9456][dhnetsdk.cpp:1024][Info][0] Enter CLIENT_RealPlayEx. [lLoginID=1213547888. nChannelID=3. rType=0]
[2021-09-26 23:01:00.513][P:7640/T:9456][DevConfigEx.cpp:9721][Info][0] IN SetupSession PORT=0 and PORT: 2080
[2021-09-26 23:01:00.539][P:7640/T:9456][dhnetsdk.cpp:1085][Info][0] Leave CLIENT_RealPlayEx. [ret=1213645216]
[2021-09-26 23:01:00.540][P:7640/T:9456][dhnetsdk.cpp:2274][Info][0] Enter CLIENT_SetRealDataCallBackEx2. [lRealHandle=1213645216. cbRealData=000002B9456D345C, dwUser=0000000000000000. dwFlag=15.]
[2021-09-26 23:01:00.540][P:7640/T:9456][dhnetsdk.cpp:2297][Info][0] Leave CLIENT_SetRealDataCallBackEx2.[ret=1.]
[2021-09-26 23:01:01.833][P:7640/T:9456][dhnetsdk.cpp:2320][Info][0] Enter CLIENT_CapturePictureEx. [hPlayHandle=1213645216. pchPicFileName=C:\Users\Felipe\Desktop\26-9-2021-23-1.jpg, eFormat=1.]
[2021-09-26 23:01:01.868][P:7640/T:9456][dhnetsdk.cpp:2341][Info][0] Leave CLIENT_CapturePictureEx.[ret=1.]
[2021-09-26 23:01:11.026][P:7640/T:9456][dhnetsdk.cpp:1518][Info][0] Enter CLIENT_StopRealPlayEx. [lRealHandle=1213645216.]
[2021-09-26 23:01:11.033][P:7640/T:9456][dhnetsdk.cpp:1532][Info][0] Leave CLIENT_StopRealPlayEx. [ret=1]
[2021-09-26 23:01:12.123][P:7640/T:9456][dhnetsdk.cpp:811][Info][0] Enter CLIENT_Logout. [lLoginID=1213547888.]
[2021-09-26 23:01:12.123][P:7640/T:9456][TPTCPClient.cpp:514][Error][90010007] Device is not online, ip:45.224.164.99
[2021-09-26 23:01:12.124][P:7640/T:9456][dhnetsdk.cpp:833][Info][0] Leave CLIENT_Logout. [ret=1]
Begin Time:2021-09-26 23:01:16.993
[2021-09-26 23:01:16.993][P:13500/T:15960][Utils.cpp:4792][Info][0] mutil NIC client
[2021-09-26 23:01:17.019][P:13500/T:15960][AVNetSDKMgr.cpp:655][Info][0] Test avnetsdk module handle: 000001504B3E0000

[2021-09-26 23:01:17.021][P:13500/T:15960][dhnetsdk.cpp:155][Info][0] Leave CLIENT_InitEx.
[2021-09-26 23:01:17.022][P:13500/T:15960][dhnetsdk.cpp:186][Info][0] Enter CLIENT_SetAutoReconnect:[cbAutoConnect=000001502FA1377C, dwUser=0000000000000000].
[2021-09-26 23:01:17.022][P:13500/T:15960][dhnetsdk.cpp:188][Info][0] Leave CLIENT_SetAutoReconnect.
[2021-09-26 23:01:17.022][P:13500/T:15960][dhnetsdk.cpp:6994][Info][0] Enter CLIENT_SetSnapRevCallBack. [OnSnapRevMessage=000001502FA137CC, dwUser=0000000000000000.]
[2021-09-26 23:01:17.022][P:13500/T:15960][dhnetsdk.cpp:6997][Info][0] Leave CLIENT_SetSnapRevCallBack.
[2021-09-26 23:01:17.023][P:13500/T:15960][dhnetsdk.cpp:132][Info][0] Enter CLIENT_InitEx:[cbDisConnect=000001502FA1381C, dwUser=0000000000000000, lpInitParam=0000000000000000].
[2021-09-26 23:01:17.041][P:13500/T:15960][AVNetSDKMgr.cpp:655][Info][0] Test avnetsdk module handle: 000001504B3E0000

[2021-09-26 23:01:17.044][P:13500/T:15960][dhnetsdk.cpp:155][Info][0] Leave CLIENT_InitEx.
[2021-09-26 23:01:17.044][P:13500/T:15960][dhnetsdk.cpp:186][Info][0] Enter CLIENT_SetAutoReconnect:[cbAutoConnect=000001502FA138BC, dwUser=0000000000000000].
[2021-09-26 23:01:17.044][P:13500/T:15960][dhnetsdk.cpp:188][Info][0] Leave CLIENT_SetAutoReconnect.
[2021-09-26 23:01:17.044][P:13500/T:15960][dhnetsdk.cpp:6994][Info][0] Enter CLIENT_SetSnapRevCallBack. [OnSnapRevMessage=000001502FA1340C, dwUser=0000000000000000.]
[2021-09-26 23:01:17.044][P:13500/T:15960][dhnetsdk.cpp:6997][Info][0] Leave CLIENT_SetSnapRevCallBack.
[2021-09-26 23:01:18.437][P:13500/T:15960][dhnetsdk.cpp:582][Info][0] Enter CLIENT_LoginEx2. [IP=45.224.164.99, port=2080, SpeCap=0, lpDeviceInfo=0000002AE89FDF50.]
[2021-09-26 23:01:18.664][P:13500/T:15960][dhnetsdk.cpp:618][Info][0] Leave CLIENT_LoginEx2. [error=0, login ID=1259147776.]
[2021-09-26 23:01:20.180][P:13500/T:15960][dhnetsdk.cpp:1024][Info][0] Enter CLIENT_RealPlayEx. [lLoginID=1259147776. nChannelID=0. rType=0]
[2021-09-26 23:01:20.448][P:13500/T:15960][DevConfigEx.cpp:9721][Info][0] IN SetupSession PORT=0 and PORT: 2080
[2021-09-26 23:01:20.526][P:13500/T:15960][dhnetsdk.cpp:1085][Info][0] Leave CLIENT_RealPlayEx. [ret=1259250272]
[2021-09-26 23:01:20.526][P:13500/T:15960][dhnetsdk.cpp:2274][Info][0] Enter CLIENT_SetRealDataCallBackEx2. [lRealHandle=1259250272. cbRealData=000001502FA134AC, dwUser=0000000000000000. dwFlag=15.]
[2021-09-26 23:01:20.526][P:13500/T:15960][dhnetsdk.cpp:2297][Info][0] Leave CLIENT_SetRealDataCallBackEx2.[ret=1.]
[2021-09-26 23:01:34.325][P:13500/T:15960][dhnetsdk.cpp:811][Info][0] Enter CLIENT_Logout. [lLoginID=1259147776.]
[2021-09-26 23:01:34.333][P:13500/T:15960][TPTCPClient.cpp:514][Error][90010007] Device is not online, ip:45.224.164.99
[2021-09-26 23:01:34.333][P:13500/T:15960][dhnetsdk.cpp:833][Info][0] Leave CLIENT_Logout. [ret=1]
Begin Time:2021-09-26 23:03:42.160
[2021-09-26 23:03:42.160][P:4564/T:15004][Utils.cpp:4792][Info][0] mutil NIC client
[2021-09-26 23:03:42.186][P:4564/T:15004][AVNetSDKMgr.cpp:655][Info][0] Test avnetsdk module handle: 0000021F66540000

[2021-09-26 23:03:42.189][P:4564/T:15004][dhnetsdk.cpp:155][Info][0] Leave CLIENT_InitEx.
[2021-09-26 23:03:42.190][P:4564/T:15004][dhnetsdk.cpp:186][Info][0] Enter CLIENT_SetAutoReconnect:[cbAutoConnect=0000021F634F368C, dwUser=0000000000000000].
[2021-09-26 23:03:42.190][P:4564/T:15004][dhnetsdk.cpp:188][Info][0] Leave CLIENT_SetAutoReconnect.
[2021-09-26 23:03:42.191][P:4564/T:15004][dhnetsdk.cpp:6994][Info][0] Enter CLIENT_SetSnapRevCallBack. [OnSnapRevMessage=0000021F634F345C, dwUser=0000000000000000.]
[2021-09-26 23:03:42.191][P:4564/T:15004][dhnetsdk.cpp:6997][Info][0] Leave CLIENT_SetSnapRevCallBack.
[2021-09-26 23:03:42.191][P:4564/T:15004][dhnetsdk.cpp:132][Info][0] Enter CLIENT_InitEx:[cbDisConnect=0000021F634F377C, dwUser=0000000000000000, lpInitParam=0000000000000000].
[2021-09-26 23:03:42.208][P:4564/T:15004][AVNetSDKMgr.cpp:655][Info][0] Test avnetsdk module handle: 0000021F66540000

[2021-09-26 23:03:42.210][P:4564/T:15004][dhnetsdk.cpp:155][Info][0] Leave CLIENT_InitEx.
[2021-09-26 23:03:42.211][P:4564/T:15004][dhnetsdk.cpp:186][Info][0] Enter CLIENT_SetAutoReconnect:[cbAutoConnect=0000021F634F34AC, dwUser=0000000000000000].
[2021-09-26 23:03:42.211][P:4564/T:15004][dhnetsdk.cpp:188][Info][0] Leave CLIENT_SetAutoReconnect.
[2021-09-26 23:03:42.211][P:4564/T:15004][dhnetsdk.cpp:6994][Info][0] Enter CLIENT_SetSnapRevCallBack. [OnSnapRevMessage=0000021F634F381C, dwUser=0000000000000000.]
[2021-09-26 23:03:42.211][P:4564/T:15004][dhnetsdk.cpp:6997][Info][0] Leave CLIENT_SetSnapRevCallBack.
Begin Time:2021-09-26 23:14:56.068
[2021-09-26 23:14:56.068][P:5364/T:14344][Utils.cpp:4792][Info][0] mutil NIC client
[2021-09-26 23:14:56.097][P:5364/T:14344][AVNetSDKMgr.cpp:655][Info][0] Test avnetsdk module handle: 0000022944110000

[2021-09-26 23:14:56.113][P:5364/T:14344][dhnetsdk.cpp:155][Info][0] Leave CLIENT_InitEx.
[2021-09-26 23:14:56.114][P:5364/T:14344][dhnetsdk.cpp:186][Info][0] Enter CLIENT_SetAutoReconnect:[cbAutoConnect=00000229410134FC, dwUser=0000000000000000].
[2021-09-26 23:14:56.114][P:5364/T:14344][dhnetsdk.cpp:188][Info][0] Leave CLIENT_SetAutoReconnect.
[2021-09-26 23:14:56.115][P:5364/T:14344][dhnetsdk.cpp:6994][Info][0] Enter CLIENT_SetSnapRevCallBack. [OnSnapRevMessage=00000229410139FC, dwUser=0000000000000000.]
[2021-09-26 23:14:56.115][P:5364/T:14344][dhnetsdk.cpp:6997][Info][0] Leave CLIENT_SetSnapRevCallBack.
[2021-09-26 23:14:56.116][P:5364/T:14344][dhnetsdk.cpp:132][Info][0] Enter CLIENT_InitEx:[cbDisConnect=00000229410136DC, dwUser=0000000000000000, lpInitParam=0000000000000000].
[2021-09-26 23:14:56.147][P:5364/T:14344][AVNetSDKMgr.cpp:655][Info][0] Test avnetsdk module handle: 0000022944110000

[2021-09-26 23:14:56.160][P:5364/T:14344][dhnetsdk.cpp:155][Info][0] Leave CLIENT_InitEx.
[2021-09-26 23:14:56.160][P:5364/T:14344][dhnetsdk.cpp:186][Info][0] Enter CLIENT_SetAutoReconnect:[cbAutoConnect=00000229410135EC, dwUser=0000000000000000].
[2021-09-26 23:14:56.160][P:5364/T:14344][dhnetsdk.cpp:188][Info][0] Leave CLIENT_SetAutoReconnect.
[2021-09-26 23:14:56.160][P:5364/T:14344][dhnetsdk.cpp:6994][Info][0] Enter CLIENT_SetSnapRevCallBack. [OnSnapRevMessage=0000022941013A4C, dwUser=0000000000000000.]
[2021-09-26 23:14:56.160][P:5364/T:14344][dhnetsdk.cpp:6997][Info][0] Leave CLIENT_SetSnapRevCallBack.
[2021-09-26 23:20:54.979][P:5364/T:14344][dhnetsdk.cpp:582][Info][0] Enter CLIENT_LoginEx2. [IP=45.224.164.99, port=2080, SpeCap=0, lpDeviceInfo=00000044C2FFDC20.]
[2021-09-26 23:20:55.449][P:5364/T:14344][dhnetsdk.cpp:618][Info][0] Leave CLIENT_LoginEx2. [error=0, login ID=1138641408.]
[2021-09-26 23:20:59.276][P:5364/T:14344][dhnetsdk.cpp:1024][Info][0] Enter CLIENT_RealPlayEx. [lLoginID=1138641408. nChannelID=1. rType=0]
[2021-09-26 23:20:59.518][P:5364/T:14344][DevConfigEx.cpp:9721][Info][0] IN SetupSession PORT=0 and PORT: 2080
[2021-09-26 23:20:59.614][P:5364/T:14344][dhnetsdk.cpp:1085][Info][0] Leave CLIENT_RealPlayEx. [ret=1138769424]
[2021-09-26 23:20:59.615][P:5364/T:14344][dhnetsdk.cpp:2274][Info][0] Enter CLIENT_SetRealDataCallBackEx2. [lRealHandle=1138769424. cbRealData=000002294101377C, dwUser=0000000000000000. dwFlag=15.]
[2021-09-26 23:20:59.615][P:5364/T:14344][dhnetsdk.cpp:2297][Info][0] Leave CLIENT_SetRealDataCallBackEx2.[ret=1.]
Begin Time:2021-09-26 23:22:16.211
[2021-09-26 23:22:16.212][P:11036/T:17044][Utils.cpp:4792][Info][0] mutil NIC client
[2021-09-26 23:22:16.255][P:11036/T:17044][AVNetSDKMgr.cpp:655][Info][0] Test avnetsdk module handle: 000001CB46AB0000

[2021-09-26 23:22:16.260][P:11036/T:17044][dhnetsdk.cpp:155][Info][0] Leave CLIENT_InitEx.
[2021-09-26 23:22:16.261][P:11036/T:17044][dhnetsdk.cpp:186][Info][0] Enter CLIENT_SetAutoReconnect:[cbAutoConnect=000001CB438F390C, dwUser=0000000000000000].
[2021-09-26 23:22:16.261][P:11036/T:17044][dhnetsdk.cpp:188][Info][0] Leave CLIENT_SetAutoReconnect.
[2021-09-26 23:22:16.262][P:11036/T:17044][dhnetsdk.cpp:6994][Info][0] Enter CLIENT_SetSnapRevCallBack. [OnSnapRevMessage=000001CB438F39FC, dwUser=0000000000000000.]
[2021-09-26 23:22:16.262][P:11036/T:17044][dhnetsdk.cpp:6997][Info][0] Leave CLIENT_SetSnapRevCallBack.
[2021-09-26 23:22:16.263][P:11036/T:17044][dhnetsdk.cpp:132][Info][0] Enter CLIENT_InitEx:[cbDisConnect=000001CB438F3A4C, dwUser=0000000000000000, lpInitParam=0000000000000000].
[2021-09-26 23:22:16.282][P:11036/T:17044][AVNetSDKMgr.cpp:655][Info][0] Test avnetsdk module handle: 000001CB46AB0000

[2021-09-26 23:22:16.285][P:11036/T:17044][dhnetsdk.cpp:155][Info][0] Leave CLIENT_InitEx.
[2021-09-26 23:22:16.285][P:11036/T:17044][dhnetsdk.cpp:186][Info][0] Enter CLIENT_SetAutoReconnect:[cbAutoConnect=000001CB438F363C, dwUser=0000000000000000].
[2021-09-26 23:22:16.285][P:11036/T:17044][dhnetsdk.cpp:188][Info][0] Leave CLIENT_SetAutoReconnect.
[2021-09-26 23:22:16.285][P:11036/T:17044][dhnetsdk.cpp:6994][Info][0] Enter CLIENT_SetSnapRevCallBack. [OnSnapRevMessage=000001CB438F340C, dwUser=0000000000000000.]
[2021-09-26 23:22:16.285][P:11036/T:17044][dhnetsdk.cpp:6997][Info][0] Leave CLIENT_SetSnapRevCallBack.
[2021-09-26 23:22:17.446][P:11036/T:17044][dhnetsdk.cpp:582][Info][0] Enter CLIENT_LoginEx2. [IP=45.224.164.99, port=2080, SpeCap=0, lpDeviceInfo=000000275E1FE3C0.]
[2021-09-26 23:22:17.738][P:11036/T:17044][dhnetsdk.cpp:618][Info][0] Leave CLIENT_LoginEx2. [error=0, login ID=1182475904.]
[2021-09-26 23:22:19.292][P:11036/T:17044][dhnetsdk.cpp:1024][Info][0] Enter CLIENT_RealPlayEx. [lLoginID=1182475904. nChannelID=0. rType=0]
[2021-09-26 23:22:19.534][P:11036/T:17044][DevConfigEx.cpp:9721][Info][0] IN SetupSession PORT=0 and PORT: 2080
[2021-09-26 23:22:19.627][P:11036/T:17044][dhnetsdk.cpp:1085][Info][0] Leave CLIENT_RealPlayEx. [ret=1182565168]
[2021-09-26 23:22:19.628][P:11036/T:17044][dhnetsdk.cpp:2274][Info][0] Enter CLIENT_SetRealDataCallBackEx2. [lRealHandle=1182565168. cbRealData=000001CB438F354C, dwUser=0000000000000000. dwFlag=15.]
[2021-09-26 23:22:19.628][P:11036/T:17044][dhnetsdk.cpp:2297][Info][0] Leave CLIENT_SetRealDataCallBackEx2.[ret=1.]
[2021-09-26 23:22:20.742][P:11036/T:17044][dhnetsdk.cpp:2320][Info][0] Enter CLIENT_CapturePictureEx. [hPlayHandle=1182565168. pchPicFileName=C:\Users\Felipe\Documents\Projetos\DooRPortaria\bin\Debug\capture\26-9-2021-23-22.jpg, eFormat=1.]
[2021-09-26 23:22:20.777][P:11036/T:17044][dhnetsdk.cpp:2341][Info][0] Leave CLIENT_CapturePictureEx.[ret=1.]
[2021-09-26 23:22:25.060][P:11036/T:17044][dhnetsdk.cpp:811][Info][0] Enter CLIENT_Logout. [lLoginID=1182475904.]
[2021-09-26 23:22:25.069][P:11036/T:17044][TPTCPClient.cpp:514][Error][90010007] Device is not online, ip:45.224.164.99
[2021-09-26 23:22:25.069][P:11036/T:17044][dhnetsdk.cpp:833][Info][0] Leave CLIENT_Logout. [ret=1]
Begin Time:2021-09-26 23:27:09.857
[2021-09-26 23:27:09.857][P:14012/T:5824][Utils.cpp:4792][Info][0] mutil NIC client
[2021-09-26 23:27:09.879][P:14012/T:5824][AVNetSDKMgr.cpp:655][Info][0] Test avnetsdk module handle: 000001F86D750000

[2021-09-26 23:27:09.882][P:14012/T:5824][dhnetsdk.cpp:155][Info][0] Leave CLIENT_InitEx.
[2021-09-26 23:27:09.882][P:14012/T:5824][dhnetsdk.cpp:186][Info][0] Enter CLIENT_SetAutoReconnect:[cbAutoConnect=000001F86A6C390C, dwUser=0000000000000000].
[2021-09-26 23:27:09.882][P:14012/T:5824][dhnetsdk.cpp:188][Info][0] Leave CLIENT_SetAutoReconnect.
[2021-09-26 23:27:09.883][P:14012/T:5824][dhnetsdk.cpp:6994][Info][0] Enter CLIENT_SetSnapRevCallBack. [OnSnapRevMessage=000001F86A6C39FC, dwUser=0000000000000000.]
[2021-09-26 23:27:09.883][P:14012/T:5824][dhnetsdk.cpp:6997][Info][0] Leave CLIENT_SetSnapRevCallBack.
[2021-09-26 23:27:09.883][P:14012/T:5824][dhnetsdk.cpp:132][Info][0] Enter CLIENT_InitEx:[cbDisConnect=000001F86A6C34AC, dwUser=0000000000000000, lpInitParam=0000000000000000].
[2021-09-26 23:27:09.921][P:14012/T:5824][AVNetSDKMgr.cpp:655][Info][0] Test avnetsdk module handle: 000001F86D750000

[2021-09-26 23:27:09.929][P:14012/T:5824][dhnetsdk.cpp:155][Info][0] Leave CLIENT_InitEx.
[2021-09-26 23:27:09.929][P:14012/T:5824][dhnetsdk.cpp:186][Info][0] Enter CLIENT_SetAutoReconnect:[cbAutoConnect=000001F86A6C33BC, dwUser=0000000000000000].
[2021-09-26 23:27:09.929][P:14012/T:5824][dhnetsdk.cpp:188][Info][0] Leave CLIENT_SetAutoReconnect.
[2021-09-26 23:27:09.929][P:14012/T:5824][dhnetsdk.cpp:6994][Info][0] Enter CLIENT_SetSnapRevCallBack. [OnSnapRevMessage=000001F86A6C340C, dwUser=0000000000000000.]
[2021-09-26 23:27:09.929][P:14012/T:5824][dhnetsdk.cpp:6997][Info][0] Leave CLIENT_SetSnapRevCallBack.
[2021-09-26 23:27:12.416][P:14012/T:5824][dhnetsdk.cpp:582][Info][0] Enter CLIENT_LoginEx2. [IP=45.224.164.99, port=2080, SpeCap=0, lpDeviceInfo=000000647D1FDEB0.]
[2021-09-26 23:27:12.805][P:14012/T:5824][dhnetsdk.cpp:618][Info][0] Leave CLIENT_LoginEx2. [error=0, login ID=1833243136.]
Begin Time:2021-09-26 23:29:37.291
[2021-09-26 23:29:37.292][P:19344/T:8028][Utils.cpp:4792][Info][0] mutil NIC client
[2021-09-26 23:29:37.362][P:19344/T:8028][AVNetSDKMgr.cpp:655][Info][0] Test avnetsdk module handle: 00000162ACE20000

[2021-09-26 23:29:37.374][P:19344/T:8028][dhnetsdk.cpp:155][Info][0] Leave CLIENT_InitEx.
[2021-09-26 23:29:37.375][P:19344/T:8028][dhnetsdk.cpp:186][Info][0] Enter CLIENT_SetAutoReconnect:[cbAutoConnect=00000162A9F134AC, dwUser=0000000000000000].
[2021-09-26 23:29:37.375][P:19344/T:8028][dhnetsdk.cpp:188][Info][0] Leave CLIENT_SetAutoReconnect.
[2021-09-26 23:29:37.376][P:19344/T:8028][dhnetsdk.cpp:6994][Info][0] Enter CLIENT_SetSnapRevCallBack. [OnSnapRevMessage=00000162A9F1395C, dwUser=0000000000000000.]
[2021-09-26 23:29:37.376][P:19344/T:8028][dhnetsdk.cpp:6997][Info][0] Leave CLIENT_SetSnapRevCallBack.
[2021-09-26 23:29:37.378][P:19344/T:8028][dhnetsdk.cpp:132][Info][0] Enter CLIENT_InitEx:[cbDisConnect=00000162A9F1390C, dwUser=0000000000000000, lpInitParam=0000000000000000].
[2021-09-26 23:29:37.413][P:19344/T:8028][AVNetSDKMgr.cpp:655][Info][0] Test avnetsdk module handle: 00000162ACE20000

[2021-09-26 23:29:37.418][P:19344/T:8028][dhnetsdk.cpp:155][Info][0] Leave CLIENT_InitEx.
[2021-09-26 23:29:37.418][P:19344/T:8028][dhnetsdk.cpp:186][Info][0] Enter CLIENT_SetAutoReconnect:[cbAutoConnect=00000162A9F1377C, dwUser=0000000000000000].
[2021-09-26 23:29:37.418][P:19344/T:8028][dhnetsdk.cpp:188][Info][0] Leave CLIENT_SetAutoReconnect.
[2021-09-26 23:29:37.418][P:19344/T:8028][dhnetsdk.cpp:6994][Info][0] Enter CLIENT_SetSnapRevCallBack. [OnSnapRevMessage=00000162A9F1386C, dwUser=0000000000000000.]
[2021-09-26 23:29:37.418][P:19344/T:8028][dhnetsdk.cpp:6997][Info][0] Leave CLIENT_SetSnapRevCallBack.
[2021-09-26 23:29:39.388][P:19344/T:8028][dhnetsdk.cpp:582][Info][0] Enter CLIENT_LoginEx2. [IP=45.224.164.99, port=2080, SpeCap=0, lpDeviceInfo=0000004D0EFFE300.]
[2021-09-26 23:29:39.605][P:19344/T:8028][dhnetsdk.cpp:618][Info][0] Leave CLIENT_LoginEx2. [error=0, login ID=-1397604848.]
[2021-09-26 23:29:51.021][P:19344/T:8028][dhnetsdk.cpp:811][Info][0] Enter CLIENT_Logout. [lLoginID=-1397604848.]
[2021-09-26 23:29:51.021][P:19344/T:8028][TPTCPClient.cpp:514][Error][90010007] Device is not online, ip:45.224.164.99
[2021-09-26 23:29:51.021][P:19344/T:8028][dhnetsdk.cpp:833][Info][0] Leave CLIENT_Logout. [ret=1]
Begin Time:2021-09-26 23:41:33.551
[2021-09-26 23:41:33.551][P:15600/T:10144][Utils.cpp:4792][Info][0] mutil NIC client
[2021-09-26 23:41:33.569][P:15600/T:10144][AVNetSDKMgr.cpp:655][Info][0] Test avnetsdk module handle: 000001E176E60000

[2021-09-26 23:41:33.572][P:15600/T:10144][dhnetsdk.cpp:155][Info][0] Leave CLIENT_InitEx.
[2021-09-26 23:41:33.573][P:15600/T:10144][dhnetsdk.cpp:186][Info][0] Enter CLIENT_SetAutoReconnect:[cbAutoConnect=000001E1732C541C, dwUser=0000000000000000].
[2021-09-26 23:41:33.573][P:15600/T:10144][dhnetsdk.cpp:188][Info][0] Leave CLIENT_SetAutoReconnect.
[2021-09-26 23:41:33.573][P:15600/T:10144][dhnetsdk.cpp:6994][Info][0] Enter CLIENT_SetSnapRevCallBack. [OnSnapRevMessage=000001E1732C50FC, dwUser=0000000000000000.]
[2021-09-26 23:41:33.573][P:15600/T:10144][dhnetsdk.cpp:6997][Info][0] Leave CLIENT_SetSnapRevCallBack.
[2021-09-26 23:41:33.574][P:15600/T:10144][dhnetsdk.cpp:132][Info][0] Enter CLIENT_InitEx:[cbDisConnect=000001E1732C4ABC, dwUser=0000000000000000, lpInitParam=0000000000000000].
[2021-09-26 23:41:33.587][P:15600/T:10144][AVNetSDKMgr.cpp:655][Info][0] Test avnetsdk module handle: 000001E176E60000

[2021-09-26 23:41:33.589][P:15600/T:10144][dhnetsdk.cpp:155][Info][0] Leave CLIENT_InitEx.
[2021-09-26 23:41:33.589][P:15600/T:10144][dhnetsdk.cpp:186][Info][0] Enter CLIENT_SetAutoReconnect:[cbAutoConnect=000001E1732C4ECC, dwUser=0000000000000000].
[2021-09-26 23:41:33.589][P:15600/T:10144][dhnetsdk.cpp:188][Info][0] Leave CLIENT_SetAutoReconnect.
[2021-09-26 23:41:33.589][P:15600/T:10144][dhnetsdk.cpp:6994][Info][0] Enter CLIENT_SetSnapRevCallBack. [OnSnapRevMessage=000001E1732C500C, dwUser=0000000000000000.]
[2021-09-26 23:41:33.589][P:15600/T:10144][dhnetsdk.cpp:6997][Info][0] Leave CLIENT_SetSnapRevCallBack.
[2021-09-26 23:41:36.543][P:15600/T:10144][dhnetsdk.cpp:582][Info][0] Enter CLIENT_LoginEx2. [IP=45.224.164.99, port=2080, SpeCap=0, lpDeviceInfo=00000098F6BFD468.]
[2021-09-26 23:41:36.822][P:15600/T:10144][dhnetsdk.cpp:618][Info][0] Leave CLIENT_LoginEx2. [error=0, login ID=1987973632.]
[2021-09-26 23:41:41.511][P:15600/T:10144][dhnetsdk.cpp:1024][Info][0] Enter CLIENT_RealPlayEx. [lLoginID=1987973632. nChannelID=4. rType=0]
[2021-09-26 23:41:41.749][P:15600/T:10144][DevConfigEx.cpp:9721][Info][0] IN SetupSession PORT=0 and PORT: 2080
[2021-09-26 23:41:41.802][P:15600/T:10144][dhnetsdk.cpp:1085][Info][0] Leave CLIENT_RealPlayEx. [ret=1988076848]
[2021-09-26 23:41:41.803][P:15600/T:10144][dhnetsdk.cpp:2274][Info][0] Enter CLIENT_SetRealDataCallBackEx2. [lRealHandle=1988076848. cbRealData=000001E1732C564C, dwUser=0000000000000000. dwFlag=15.]
[2021-09-26 23:41:41.803][P:15600/T:10144][dhnetsdk.cpp:2297][Info][0] Leave CLIENT_SetRealDataCallBackEx2.[ret=1.]
[2021-09-26 23:41:43.647][P:15600/T:10144][dhnetsdk.cpp:2320][Info][0] Enter CLIENT_CapturePictureEx. [hPlayHandle=1988076848. pchPicFileName=C:\Users\Felipe\Documents\Projetos\DooRPortaria\bin\Debug\fotos\26-9-2021-23-41.jpg, eFormat=1.]
[2021-09-26 23:41:43.690][P:15600/T:10144][dhnetsdk.cpp:2341][Info][0] Leave CLIENT_CapturePictureEx.[ret=1.]
[2021-09-26 23:41:49.441][P:15600/T:10144][dhnetsdk.cpp:1518][Info][0] Enter CLIENT_StopRealPlayEx. [lRealHandle=1988076848.]
[2021-09-26 23:41:49.449][P:15600/T:10144][dhnetsdk.cpp:1532][Info][0] Leave CLIENT_StopRealPlayEx. [ret=1]
[2021-09-26 23:41:50.149][P:15600/T:10144][dhnetsdk.cpp:811][Info][0] Enter CLIENT_Logout. [lLoginID=1987973632.]
[2021-09-26 23:41:50.149][P:15600/T:10144][TPTCPClient.cpp:514][Error][90010007] Device is not online, ip:45.224.164.99
[2021-09-26 23:41:50.149][P:15600/T:10144][dhnetsdk.cpp:833][Info][0] Leave CLIENT_Logout. [ret=1]
